#
# There is insufficient memory for the Java Runtime Environment to continue.
# Native memory allocation (malloc) failed to allocate 2193328 bytes. Error detail: Chunk::new
# Possible reasons:
#   The system is out of physical RAM or swap space
#   This process is running with CompressedOops enabled, and the Java Heap may be blocking the growth of the native heap
# Possible solutions:
#   Reduce memory load on the system
#   Increase physical memory or swap space
#   Check if swap backing store is full
#   Decrease Java heap size (-Xmx/-Xms)
#   Decrease number of Java threads
#   Decrease Java thread stack sizes (-Xss)
#   Set larger code cache with -XX:ReservedCodeCacheSize=
#   JVM is running with Unscaled Compressed Oops mode in which the Java heap is
#     placed in the first 4GB address space. The Java Heap base address is the
#     maximum limit for the native heap growth. Please use -XX:HeapBaseMinAddress
#     to set the Java Heap base and to place the Java Heap above 4GB virtual address.
# This output file may be truncated or incomplete.
#
#  Out of Memory Error (arena.cpp:150), pid=6000, tid=8036
#
# JRE version: OpenJDK Runtime Environment (22.0.1+8) (build 22.0.1+8-16)
# Java VM: OpenJDK 64-Bit Server VM (22.0.1+8-16, mixed mode, sharing, tiered, compressed oops, compressed class ptrs, g1 gc, windows-amd64)
# No core dump will be written. Minidumps are not enabled by default on client versions of Windows
#

---------------  S U M M A R Y ------------

Command Line: -agentlib:jdwp=transport=dt_socket,address=127.0.0.1:62233,suspend=y,server=n -javaagent:C:\Users\BIAELE~1\AppData\Local\Temp\captureAgentjars\debugger-agent.jar -Dfile.encoding=UTF-8 -Dsun.stdout.encoding=UTF-8 -Dsun.stderr.encoding=UTF-8 one.digitalinnovation.gof.Application

Host: Intel(R) Pentium(R) Gold G5400 CPU @ 3.70GHz, 4 cores, 7G,  Windows 10 , 64 bit Build 19041 (10.0.19041.4597)
Time: Sun Jul 21 00:02:34 2024 Hora oficial do Brasil elapsed time: 18.834023 seconds (0d 0h 0m 18s)

---------------  T H R E A D  ---------------

Current thread (0x000002c1fe85d5d0):  JavaThread "C2 CompilerThread0" daemon [_thread_in_native, id=8036, stack(0x000000e088100000,0x000000e088200000) (1024K)]


Current CompileTask:
C2:18834 3013       4       java.lang.invoke.MethodType::methodType (69 bytes)

Stack: [0x000000e088100000,0x000000e088200000]
Native frames: (J=compiled Java code, j=interpreted, Vv=VM code, C=native code)
V  [jvm.dll+0x6e2279]  (no source info available)
V  [jvm.dll+0x874e33]  (no source info available)
V  [jvm.dll+0x87725e]  (no source info available)
V  [jvm.dll+0x877933]  (no source info available)
V  [jvm.dll+0x27fd76]  (no source info available)
V  [jvm.dll+0xc3d0f]  (no source info available)
V  [jvm.dll+0xc3f6b]  (no source info available)
V  [jvm.dll+0x3bb10c]  (no source info available)
V  [jvm.dll+0x387b6b]  (no source info available)
V  [jvm.dll+0x386fda]  (no source info available)
V  [jvm.dll+0x247918]  (no source info available)
V  [jvm.dll+0x246fbf]  (no source info available)
V  [jvm.dll+0x1c4e90]  (no source info available)
V  [jvm.dll+0x2569fe]  (no source info available)
V  [jvm.dll+0x254cba]  (no source info available)
V  [jvm.dll+0x3f5336]  (no source info available)
V  [jvm.dll+0x81d44b]  (no source info available)
V  [jvm.dll+0x6e0915]  (no source info available)
C  [ucrtbase.dll+0x21bb2]  (no source info available)
C  [KERNEL32.DLL+0x17374]  (no source info available)
C  [ntdll.dll+0x4cc91]  (no source info available)


---------------  P R O C E S S  ---------------

Threads class SMR info:
_java_thread_list=0x000002c1d83c19e0, length=14, elements={
0x000002c1f5855c50, 0x000002c1fe83c510, 0x000002c1fe841440, 0x000002c1fe847bb0,
0x000002c1fe848610, 0x000002c1fe849070, 0x000002c1fe84bae0, 0x000002c1fe85d5d0,
0x000002c1fe861cb0, 0x000002c1d8229b10, 0x000002c1d82e19f0, 0x000002c1d83ab150,
0x000002c1d83ab7e0, 0x000002c1d8228760
}

Java Threads: ( => current thread )
  0x000002c1f5855c50 JavaThread "main"                              [_thread_in_vm, id=10728, stack(0x000000e087300000,0x000000e087400000) (1024K)]
  0x000002c1fe83c510 JavaThread "Reference Handler"          daemon [_thread_blocked, id=6256, stack(0x000000e087b00000,0x000000e087c00000) (1024K)]
  0x000002c1fe841440 JavaThread "Finalizer"                  daemon [_thread_blocked, id=7744, stack(0x000000e087c00000,0x000000e087d00000) (1024K)]
  0x000002c1fe847bb0 JavaThread "Signal Dispatcher"          daemon [_thread_blocked, id=5056, stack(0x000000e087d00000,0x000000e087e00000) (1024K)]
  0x000002c1fe848610 JavaThread "Attach Listener"            daemon [_thread_blocked, id=3664, stack(0x000000e087e00000,0x000000e087f00000) (1024K)]
  0x000002c1fe849070 JavaThread "Service Thread"             daemon [_thread_blocked, id=908, stack(0x000000e087f00000,0x000000e088000000) (1024K)]
  0x000002c1fe84bae0 JavaThread "Monitor Deflation Thread"   daemon [_thread_blocked, id=6228, stack(0x000000e088000000,0x000000e088100000) (1024K)]
=>0x000002c1fe85d5d0 JavaThread "C2 CompilerThread0"         daemon [_thread_in_native, id=8036, stack(0x000000e088100000,0x000000e088200000) (1024K)]
  0x000002c1fe861cb0 JavaThread "C1 CompilerThread0"         daemon [_thread_in_native, id=8476, stack(0x000000e088200000,0x000000e088300000) (1024K)]
  0x000002c1d8229b10 JavaThread "Common-Cleaner"             daemon [_thread_blocked, id=1316, stack(0x000000e088300000,0x000000e088400000) (1024K)]
  0x000002c1d82e19f0 JavaThread "JDWP Transport Listener: dt_socket" daemon [_thread_blocked, id=10588, stack(0x000000e088400000,0x000000e088500000) (1024K)]
  0x000002c1d83ab150 JavaThread "JDWP Event Helper Thread"   daemon [_thread_blocked, id=2772, stack(0x000000e088500000,0x000000e088600000) (1024K)]
  0x000002c1d83ab7e0 JavaThread "JDWP Command Reader"        daemon [_thread_in_native, id=3864, stack(0x000000e088600000,0x000000e088700000) (1024K)]
  0x000002c1d8228760 JavaThread "Notification Thread"        daemon [_thread_blocked, id=3232, stack(0x000000e088700000,0x000000e088800000) (1024K)]
Total: 14

Other Threads:
  0x000002c1fe824e30 VMThread "VM Thread"                           [id=3280, stack(0x000000e087a00000,0x000000e087b00000) (1024K)]
  0x000002c1fe80ea70 WatcherThread "VM Periodic Task Thread"        [id=8568, stack(0x000000e087900000,0x000000e087a00000) (1024K)]
  0x000002c1f58ae370 WorkerThread "GC Thread#0"                     [id=248, stack(0x000000e087400000,0x000000e087500000) (1024K)]
  0x000002c1d895ed50 WorkerThread "GC Thread#1"                     [id=9708, stack(0x000000e088800000,0x000000e088900000) (1024K)]
  0x000002c1d895f100 WorkerThread "GC Thread#2"                     [id=10804, stack(0x000000e088900000,0x000000e088a00000) (1024K)]
  0x000002c1d8960870 WorkerThread "GC Thread#3"                     [id=9288, stack(0x000000e088a00000,0x000000e088b00000) (1024K)]
  0x000002c1f58bf050 ConcurrentGCThread "G1 Main Marker"            [id=6056, stack(0x000000e087500000,0x000000e087600000) (1024K)]
  0x000002c1f58c1310 WorkerThread "G1 Conc#0"                       [id=3396, stack(0x000000e087600000,0x000000e087700000) (1024K)]
  0x000002c1f590e840 ConcurrentGCThread "G1 Refine#0"               [id=8944, stack(0x000000e087700000,0x000000e087800000) (1024K)]
  0x000002c1fe6df530 ConcurrentGCThread "G1 Service"                [id=2232, stack(0x000000e087800000,0x000000e087900000) (1024K)]
Total: 10

Threads with active compile tasks:
C2 CompilerThread0  19045 3013       4       java.lang.invoke.MethodType::methodType (69 bytes)
Total: 1

VM state: not at safepoint (normal execution)

VM Mutex/Monitor currently owned by a thread: None

Heap address: 0x0000000082600000, size: 2010 MB, Compressed Oops mode: 32-bit

CDS archive(s) mapped at: [0x000002c193000000-0x000002c193c50000-0x000002c193c50000), size 12910592, SharedBaseAddress: 0x000002c193000000, ArchiveRelocationMode: 1.
Compressed class space mapped at: 0x000002c194000000-0x000002c1d4000000, reserved size: 1073741824
Narrow klass base: 0x000002c193000000, Narrow klass shift: 0, Narrow klass range: 0x41000000

GC Precious Log:
 CardTable entry size: 512
 Card Set container configuration: InlinePtr #cards 5 size 8 Array Of Cards #cards 12 size 40 Howl #buckets 4 coarsen threshold 1843 Howl Bitmap #cards 512 size 80 coarsen threshold 460 Card regions per heap region 1 cards per card region 2048
 CPUs: 4 total, 4 available
 Memory: 8038M
 Large Page Support: Disabled
 NUMA Support: Disabled
 Compressed Oops: Enabled (32-bit)
 Heap Region Size: 1M
 Heap Min Capacity: 8M
 Heap Initial Capacity: 126M
 Heap Max Capacity: 2010M
 Pre-touch: Disabled
 Parallel Workers: 4
 Concurrent Workers: 1
 Concurrent Refinement Workers: 4
 Periodic GC: Disabled

Heap:
 garbage-first heap   total reserved 2058240K, committed 129024K, used 57953K [0x0000000082600000, 0x0000000100000000)
  region size 1024K, 53 young (54272K), 4 survivors (4096K)
 Metaspace       used 20422K, committed 20736K, reserved 1114112K
  class space    used 2410K, committed 2560K, reserved 1048576K

Heap Regions: E=young(eden), S=young(survivor), O=old, HS=humongous(starts), HC=humongous(continues), CS=collection set, F=free, TAMS=top-at-mark-start, PB=parsable bottom
|   0|0x0000000082600000, 0x0000000082700000, 0x0000000082700000|100%|HS|  |TAMS 0x0000000082600000| PB 0x0000000082600000| Complete |  0
|   1|0x0000000082700000, 0x0000000082800000, 0x0000000082800000|100%| O|  |TAMS 0x0000000082700000| PB 0x0000000082700000| Untracked |  0
|   2|0x0000000082800000, 0x0000000082900000, 0x0000000082900000|100%| O|  |TAMS 0x0000000082800000| PB 0x0000000082800000| Untracked |  0
|   3|0x0000000082900000, 0x0000000082a00000, 0x0000000082a00000|100%| O|  |TAMS 0x0000000082900000| PB 0x0000000082900000| Untracked |  0
|   4|0x0000000082a00000, 0x0000000082b00000, 0x0000000082b00000|100%| O|  |TAMS 0x0000000082a00000| PB 0x0000000082a00000| Untracked |  0
|   5|0x0000000082b00000, 0x0000000082c00000, 0x0000000082c00000|100%| O|  |TAMS 0x0000000082b00000| PB 0x0000000082b00000| Untracked |  0
|   6|0x0000000082c00000, 0x0000000082c6a3b0, 0x0000000082d00000| 41%| O|  |TAMS 0x0000000082c00000| PB 0x0000000082c00000| Untracked |  0
|   7|0x0000000082d00000, 0x0000000082d00000, 0x0000000082e00000|  0%| F|  |TAMS 0x0000000082d00000| PB 0x0000000082d00000| Untracked |  0
|   8|0x0000000082e00000, 0x0000000082e00000, 0x0000000082f00000|  0%| F|  |TAMS 0x0000000082e00000| PB 0x0000000082e00000| Untracked |  0
|   9|0x0000000082f00000, 0x0000000082f00000, 0x0000000083000000|  0%| F|  |TAMS 0x0000000082f00000| PB 0x0000000082f00000| Untracked |  0
|  10|0x0000000083000000, 0x0000000083000000, 0x0000000083100000|  0%| F|  |TAMS 0x0000000083000000| PB 0x0000000083000000| Untracked |  0
|  11|0x0000000083100000, 0x0000000083100000, 0x0000000083200000|  0%| F|  |TAMS 0x0000000083100000| PB 0x0000000083100000| Untracked |  0
|  12|0x0000000083200000, 0x0000000083200000, 0x0000000083300000|  0%| F|  |TAMS 0x0000000083200000| PB 0x0000000083200000| Untracked |  0
|  13|0x0000000083300000, 0x0000000083300000, 0x0000000083400000|  0%| F|  |TAMS 0x0000000083300000| PB 0x0000000083300000| Untracked |  0
|  14|0x0000000083400000, 0x0000000083400000, 0x0000000083500000|  0%| F|  |TAMS 0x0000000083400000| PB 0x0000000083400000| Untracked |  0
|  15|0x0000000083500000, 0x0000000083500000, 0x0000000083600000|  0%| F|  |TAMS 0x0000000083500000| PB 0x0000000083500000| Untracked |  0
|  16|0x0000000083600000, 0x0000000083600000, 0x0000000083700000|  0%| F|  |TAMS 0x0000000083600000| PB 0x0000000083600000| Untracked |  0
|  17|0x0000000083700000, 0x0000000083700000, 0x0000000083800000|  0%| F|  |TAMS 0x0000000083700000| PB 0x0000000083700000| Untracked |  0
|  18|0x0000000083800000, 0x0000000083800000, 0x0000000083900000|  0%| F|  |TAMS 0x0000000083800000| PB 0x0000000083800000| Untracked |  0
|  19|0x0000000083900000, 0x0000000083900000, 0x0000000083a00000|  0%| F|  |TAMS 0x0000000083900000| PB 0x0000000083900000| Untracked |  0
|  20|0x0000000083a00000, 0x0000000083a00000, 0x0000000083b00000|  0%| F|  |TAMS 0x0000000083a00000| PB 0x0000000083a00000| Untracked |  0
|  21|0x0000000083b00000, 0x0000000083b00000, 0x0000000083c00000|  0%| F|  |TAMS 0x0000000083b00000| PB 0x0000000083b00000| Untracked |  0
|  22|0x0000000083c00000, 0x0000000083c00000, 0x0000000083d00000|  0%| F|  |TAMS 0x0000000083c00000| PB 0x0000000083c00000| Untracked |  0
|  23|0x0000000083d00000, 0x0000000083d00000, 0x0000000083e00000|  0%| F|  |TAMS 0x0000000083d00000| PB 0x0000000083d00000| Untracked |  0
|  24|0x0000000083e00000, 0x0000000083e00000, 0x0000000083f00000|  0%| F|  |TAMS 0x0000000083e00000| PB 0x0000000083e00000| Untracked |  0
|  25|0x0000000083f00000, 0x0000000083f00000, 0x0000000084000000|  0%| F|  |TAMS 0x0000000083f00000| PB 0x0000000083f00000| Untracked |  0
|  26|0x0000000084000000, 0x0000000084000000, 0x0000000084100000|  0%| F|  |TAMS 0x0000000084000000| PB 0x0000000084000000| Untracked |  0
|  27|0x0000000084100000, 0x0000000084100000, 0x0000000084200000|  0%| F|  |TAMS 0x0000000084100000| PB 0x0000000084100000| Untracked |  0
|  28|0x0000000084200000, 0x0000000084200000, 0x0000000084300000|  0%| F|  |TAMS 0x0000000084200000| PB 0x0000000084200000| Untracked |  0
|  29|0x0000000084300000, 0x0000000084300000, 0x0000000084400000|  0%| F|  |TAMS 0x0000000084300000| PB 0x0000000084300000| Untracked |  0
|  30|0x0000000084400000, 0x0000000084400000, 0x0000000084500000|  0%| F|  |TAMS 0x0000000084400000| PB 0x0000000084400000| Untracked |  0
|  31|0x0000000084500000, 0x0000000084500000, 0x0000000084600000|  0%| F|  |TAMS 0x0000000084500000| PB 0x0000000084500000| Untracked |  0
|  32|0x0000000084600000, 0x0000000084600000, 0x0000000084700000|  0%| F|  |TAMS 0x0000000084600000| PB 0x0000000084600000| Untracked |  0
|  33|0x0000000084700000, 0x0000000084700000, 0x0000000084800000|  0%| F|  |TAMS 0x0000000084700000| PB 0x0000000084700000| Untracked |  0
|  34|0x0000000084800000, 0x0000000084800000, 0x0000000084900000|  0%| F|  |TAMS 0x0000000084800000| PB 0x0000000084800000| Untracked |  0
|  35|0x0000000084900000, 0x0000000084900000, 0x0000000084a00000|  0%| F|  |TAMS 0x0000000084900000| PB 0x0000000084900000| Untracked |  0
|  36|0x0000000084a00000, 0x0000000084a00000, 0x0000000084b00000|  0%| F|  |TAMS 0x0000000084a00000| PB 0x0000000084a00000| Untracked |  0
|  37|0x0000000084b00000, 0x0000000084b00000, 0x0000000084c00000|  0%| F|  |TAMS 0x0000000084b00000| PB 0x0000000084b00000| Untracked |  0
|  38|0x0000000084c00000, 0x0000000084c00000, 0x0000000084d00000|  0%| F|  |TAMS 0x0000000084c00000| PB 0x0000000084c00000| Untracked |  0
|  39|0x0000000084d00000, 0x0000000084d00000, 0x0000000084e00000|  0%| F|  |TAMS 0x0000000084d00000| PB 0x0000000084d00000| Untracked |  0
|  40|0x0000000084e00000, 0x0000000084e00000, 0x0000000084f00000|  0%| F|  |TAMS 0x0000000084e00000| PB 0x0000000084e00000| Untracked |  0
|  41|0x0000000084f00000, 0x0000000084f00000, 0x0000000085000000|  0%| F|  |TAMS 0x0000000084f00000| PB 0x0000000084f00000| Untracked |  0
|  42|0x0000000085000000, 0x0000000085000000, 0x0000000085100000|  0%| F|  |TAMS 0x0000000085000000| PB 0x0000000085000000| Untracked |  0
|  43|0x0000000085100000, 0x0000000085100000, 0x0000000085200000|  0%| F|  |TAMS 0x0000000085100000| PB 0x0000000085100000| Untracked |  0
|  44|0x0000000085200000, 0x0000000085200000, 0x0000000085300000|  0%| F|  |TAMS 0x0000000085200000| PB 0x0000000085200000| Untracked |  0
|  45|0x0000000085300000, 0x0000000085300000, 0x0000000085400000|  0%| F|  |TAMS 0x0000000085300000| PB 0x0000000085300000| Untracked |  0
|  46|0x0000000085400000, 0x0000000085400000, 0x0000000085500000|  0%| F|  |TAMS 0x0000000085400000| PB 0x0000000085400000| Untracked |  0
|  47|0x0000000085500000, 0x0000000085500000, 0x0000000085600000|  0%| F|  |TAMS 0x0000000085500000| PB 0x0000000085500000| Untracked |  0
|  48|0x0000000085600000, 0x0000000085600000, 0x0000000085700000|  0%| F|  |TAMS 0x0000000085600000| PB 0x0000000085600000| Untracked |  0
|  49|0x0000000085700000, 0x0000000085700000, 0x0000000085800000|  0%| F|  |TAMS 0x0000000085700000| PB 0x0000000085700000| Untracked |  0
|  50|0x0000000085800000, 0x0000000085800000, 0x0000000085900000|  0%| F|  |TAMS 0x0000000085800000| PB 0x0000000085800000| Untracked |  0
|  51|0x0000000085900000, 0x0000000085900000, 0x0000000085a00000|  0%| F|  |TAMS 0x0000000085900000| PB 0x0000000085900000| Untracked |  0
|  52|0x0000000085a00000, 0x0000000085a00000, 0x0000000085b00000|  0%| F|  |TAMS 0x0000000085a00000| PB 0x0000000085a00000| Untracked |  0
|  53|0x0000000085b00000, 0x0000000085b00000, 0x0000000085c00000|  0%| F|  |TAMS 0x0000000085b00000| PB 0x0000000085b00000| Untracked |  0
|  54|0x0000000085c00000, 0x0000000085c00000, 0x0000000085d00000|  0%| F|  |TAMS 0x0000000085c00000| PB 0x0000000085c00000| Untracked |  0
|  55|0x0000000085d00000, 0x0000000085d00000, 0x0000000085e00000|  0%| F|  |TAMS 0x0000000085d00000| PB 0x0000000085d00000| Untracked |  0
|  56|0x0000000085e00000, 0x0000000085e00000, 0x0000000085f00000|  0%| F|  |TAMS 0x0000000085e00000| PB 0x0000000085e00000| Untracked |  0
|  57|0x0000000085f00000, 0x0000000085f00000, 0x0000000086000000|  0%| F|  |TAMS 0x0000000085f00000| PB 0x0000000085f00000| Untracked |  0
|  58|0x0000000086000000, 0x0000000086000000, 0x0000000086100000|  0%| F|  |TAMS 0x0000000086000000| PB 0x0000000086000000| Untracked |  0
|  59|0x0000000086100000, 0x0000000086100000, 0x0000000086200000|  0%| F|  |TAMS 0x0000000086100000| PB 0x0000000086100000| Untracked |  0
|  60|0x0000000086200000, 0x0000000086200000, 0x0000000086300000|  0%| F|  |TAMS 0x0000000086200000| PB 0x0000000086200000| Untracked |  0
|  61|0x0000000086300000, 0x0000000086300000, 0x0000000086400000|  0%| F|  |TAMS 0x0000000086300000| PB 0x0000000086300000| Untracked |  0
|  62|0x0000000086400000, 0x0000000086400000, 0x0000000086500000|  0%| F|  |TAMS 0x0000000086400000| PB 0x0000000086400000| Untracked |  0
|  63|0x0000000086500000, 0x0000000086500000, 0x0000000086600000|  0%| F|  |TAMS 0x0000000086500000| PB 0x0000000086500000| Untracked |  0
|  64|0x0000000086600000, 0x0000000086600000, 0x0000000086700000|  0%| F|  |TAMS 0x0000000086600000| PB 0x0000000086600000| Untracked |  0
|  65|0x0000000086700000, 0x0000000086700000, 0x0000000086800000|  0%| F|  |TAMS 0x0000000086700000| PB 0x0000000086700000| Untracked |  0
|  66|0x0000000086800000, 0x0000000086800000, 0x0000000086900000|  0%| F|  |TAMS 0x0000000086800000| PB 0x0000000086800000| Untracked |  0
|  67|0x0000000086900000, 0x0000000086900000, 0x0000000086a00000|  0%| F|  |TAMS 0x0000000086900000| PB 0x0000000086900000| Untracked |  0
|  68|0x0000000086a00000, 0x0000000086a00000, 0x0000000086b00000|  0%| F|  |TAMS 0x0000000086a00000| PB 0x0000000086a00000| Untracked |  0
|  69|0x0000000086b00000, 0x0000000086b00000, 0x0000000086c00000|  0%| F|  |TAMS 0x0000000086b00000| PB 0x0000000086b00000| Untracked |  0
|  70|0x0000000086c00000, 0x0000000086c00000, 0x0000000086d00000|  0%| F|  |TAMS 0x0000000086c00000| PB 0x0000000086c00000| Untracked |  0
|  71|0x0000000086d00000, 0x0000000086d00000, 0x0000000086e00000|  0%| F|  |TAMS 0x0000000086d00000| PB 0x0000000086d00000| Untracked |  0
|  72|0x0000000086e00000, 0x0000000086e00000, 0x0000000086f00000|  0%| F|  |TAMS 0x0000000086e00000| PB 0x0000000086e00000| Untracked |  0
|  73|0x0000000086f00000, 0x0000000086f83310, 0x0000000087000000| 51%| E|  |TAMS 0x0000000086f00000| PB 0x0000000086f00000| Complete |  0
|  74|0x0000000087000000, 0x0000000087100000, 0x0000000087100000|100%| E|CS|TAMS 0x0000000087000000| PB 0x0000000087000000| Complete |  0
|  75|0x0000000087100000, 0x0000000087200000, 0x0000000087200000|100%| E|CS|TAMS 0x0000000087100000| PB 0x0000000087100000| Complete |  0
|  76|0x0000000087200000, 0x0000000087300000, 0x0000000087300000|100%| E|CS|TAMS 0x0000000087200000| PB 0x0000000087200000| Complete |  0
|  77|0x0000000087300000, 0x0000000087400000, 0x0000000087400000|100%| E|CS|TAMS 0x0000000087300000| PB 0x0000000087300000| Complete |  0
|  78|0x0000000087400000, 0x0000000087500000, 0x0000000087500000|100%| E|CS|TAMS 0x0000000087400000| PB 0x0000000087400000| Complete |  0
|  79|0x0000000087500000, 0x0000000087600000, 0x0000000087600000|100%| E|CS|TAMS 0x0000000087500000| PB 0x0000000087500000| Complete |  0
|  80|0x0000000087600000, 0x0000000087700000, 0x0000000087700000|100%| E|CS|TAMS 0x0000000087600000| PB 0x0000000087600000| Complete |  0
|  81|0x0000000087700000, 0x0000000087800000, 0x0000000087800000|100%| E|CS|TAMS 0x0000000087700000| PB 0x0000000087700000| Complete |  0
|  82|0x0000000087800000, 0x0000000087900000, 0x0000000087900000|100%| E|CS|TAMS 0x0000000087800000| PB 0x0000000087800000| Complete |  0
|  83|0x0000000087900000, 0x0000000087a00000, 0x0000000087a00000|100%| E|CS|TAMS 0x0000000087900000| PB 0x0000000087900000| Complete |  0
|  84|0x0000000087a00000, 0x0000000087b00000, 0x0000000087b00000|100%| E|CS|TAMS 0x0000000087a00000| PB 0x0000000087a00000| Complete |  0
|  85|0x0000000087b00000, 0x0000000087c00000, 0x0000000087c00000|100%| E|CS|TAMS 0x0000000087b00000| PB 0x0000000087b00000| Complete |  0
|  86|0x0000000087c00000, 0x0000000087d00000, 0x0000000087d00000|100%| E|CS|TAMS 0x0000000087c00000| PB 0x0000000087c00000| Complete |  0
|  87|0x0000000087d00000, 0x0000000087e00000, 0x0000000087e00000|100%| E|CS|TAMS 0x0000000087d00000| PB 0x0000000087d00000| Complete |  0
|  88|0x0000000087e00000, 0x0000000087f00000, 0x0000000087f00000|100%| E|CS|TAMS 0x0000000087e00000| PB 0x0000000087e00000| Complete |  0
|  89|0x0000000087f00000, 0x0000000088000000, 0x0000000088000000|100%| E|CS|TAMS 0x0000000087f00000| PB 0x0000000087f00000| Complete |  0
|  90|0x0000000088000000, 0x0000000088100000, 0x0000000088100000|100%| E|CS|TAMS 0x0000000088000000| PB 0x0000000088000000| Complete |  0
|  91|0x0000000088100000, 0x0000000088200000, 0x0000000088200000|100%| E|CS|TAMS 0x0000000088100000| PB 0x0000000088100000| Complete |  0
|  92|0x0000000088200000, 0x0000000088300000, 0x0000000088300000|100%| E|CS|TAMS 0x0000000088200000| PB 0x0000000088200000| Complete |  0
|  93|0x0000000088300000, 0x000000008832e188, 0x0000000088400000| 18%| S|CS|TAMS 0x0000000088300000| PB 0x0000000088300000| Complete |  0
|  94|0x0000000088400000, 0x0000000088500000, 0x0000000088500000|100%| S|CS|TAMS 0x0000000088400000| PB 0x0000000088400000| Complete |  0
|  95|0x0000000088500000, 0x0000000088600000, 0x0000000088600000|100%| S|CS|TAMS 0x0000000088500000| PB 0x0000000088500000| Complete |  0
|  96|0x0000000088600000, 0x0000000088700000, 0x0000000088700000|100%| S|CS|TAMS 0x0000000088600000| PB 0x0000000088600000| Complete |  0
|  97|0x0000000088700000, 0x0000000088800000, 0x0000000088800000|100%| E|CS|TAMS 0x0000000088700000| PB 0x0000000088700000| Complete |  0
|  98|0x0000000088800000, 0x0000000088900000, 0x0000000088900000|100%| E|CS|TAMS 0x0000000088800000| PB 0x0000000088800000| Complete |  0
|  99|0x0000000088900000, 0x0000000088a00000, 0x0000000088a00000|100%| E|CS|TAMS 0x0000000088900000| PB 0x0000000088900000| Complete |  0
| 100|0x0000000088a00000, 0x0000000088b00000, 0x0000000088b00000|100%| E|CS|TAMS 0x0000000088a00000| PB 0x0000000088a00000| Complete |  0
| 101|0x0000000088b00000, 0x0000000088c00000, 0x0000000088c00000|100%| E|CS|TAMS 0x0000000088b00000| PB 0x0000000088b00000| Complete |  0
| 102|0x0000000088c00000, 0x0000000088d00000, 0x0000000088d00000|100%| E|CS|TAMS 0x0000000088c00000| PB 0x0000000088c00000| Complete |  0
| 103|0x0000000088d00000, 0x0000000088e00000, 0x0000000088e00000|100%| E|CS|TAMS 0x0000000088d00000| PB 0x0000000088d00000| Complete |  0
| 104|0x0000000088e00000, 0x0000000088f00000, 0x0000000088f00000|100%| E|CS|TAMS 0x0000000088e00000| PB 0x0000000088e00000| Complete |  0
| 105|0x0000000088f00000, 0x0000000089000000, 0x0000000089000000|100%| E|CS|TAMS 0x0000000088f00000| PB 0x0000000088f00000| Complete |  0
| 106|0x0000000089000000, 0x0000000089100000, 0x0000000089100000|100%| E|CS|TAMS 0x0000000089000000| PB 0x0000000089000000| Complete |  0
| 107|0x0000000089100000, 0x0000000089200000, 0x0000000089200000|100%| E|CS|TAMS 0x0000000089100000| PB 0x0000000089100000| Complete |  0
| 108|0x0000000089200000, 0x0000000089300000, 0x0000000089300000|100%| E|CS|TAMS 0x0000000089200000| PB 0x0000000089200000| Complete |  0
| 109|0x0000000089300000, 0x0000000089400000, 0x0000000089400000|100%| E|CS|TAMS 0x0000000089300000| PB 0x0000000089300000| Complete |  0
| 110|0x0000000089400000, 0x0000000089500000, 0x0000000089500000|100%| E|CS|TAMS 0x0000000089400000| PB 0x0000000089400000| Complete |  0
| 111|0x0000000089500000, 0x0000000089600000, 0x0000000089600000|100%| E|CS|TAMS 0x0000000089500000| PB 0x0000000089500000| Complete |  0
| 112|0x0000000089600000, 0x0000000089700000, 0x0000000089700000|100%| E|CS|TAMS 0x0000000089600000| PB 0x0000000089600000| Complete |  0
| 113|0x0000000089700000, 0x0000000089800000, 0x0000000089800000|100%| E|  |TAMS 0x0000000089700000| PB 0x0000000089700000| Complete |  0
| 114|0x0000000089800000, 0x0000000089900000, 0x0000000089900000|100%| E|CS|TAMS 0x0000000089800000| PB 0x0000000089800000| Complete |  0
| 115|0x0000000089900000, 0x0000000089a00000, 0x0000000089a00000|100%| E|CS|TAMS 0x0000000089900000| PB 0x0000000089900000| Complete |  0
| 116|0x0000000089a00000, 0x0000000089b00000, 0x0000000089b00000|100%| E|CS|TAMS 0x0000000089a00000| PB 0x0000000089a00000| Complete |  0
| 117|0x0000000089b00000, 0x0000000089c00000, 0x0000000089c00000|100%| E|CS|TAMS 0x0000000089b00000| PB 0x0000000089b00000| Complete |  0
| 118|0x0000000089c00000, 0x0000000089d00000, 0x0000000089d00000|100%| E|CS|TAMS 0x0000000089c00000| PB 0x0000000089c00000| Complete |  0
| 119|0x0000000089d00000, 0x0000000089e00000, 0x0000000089e00000|100%| E|CS|TAMS 0x0000000089d00000| PB 0x0000000089d00000| Complete |  0
| 120|0x0000000089e00000, 0x0000000089f00000, 0x0000000089f00000|100%| E|CS|TAMS 0x0000000089e00000| PB 0x0000000089e00000| Complete |  0
| 121|0x0000000089f00000, 0x000000008a000000, 0x000000008a000000|100%| E|CS|TAMS 0x0000000089f00000| PB 0x0000000089f00000| Complete |  0
| 122|0x000000008a000000, 0x000000008a100000, 0x000000008a100000|100%| E|CS|TAMS 0x000000008a000000| PB 0x000000008a000000| Complete |  0
| 123|0x000000008a100000, 0x000000008a200000, 0x000000008a200000|100%| E|CS|TAMS 0x000000008a100000| PB 0x000000008a100000| Complete |  0
| 124|0x000000008a200000, 0x000000008a300000, 0x000000008a300000|100%| E|CS|TAMS 0x000000008a200000| PB 0x000000008a200000| Complete |  0
| 125|0x000000008a300000, 0x000000008a400000, 0x000000008a400000|100%| E|CS|TAMS 0x000000008a300000| PB 0x000000008a300000| Complete |  0

Card table byte_map: [0x000002c1fdf80000,0x000002c1fe370000] _byte_map_base: 0x000002c1fdb6d000

Marking Bits: (CMBitMap*) 0x000002c1f58aea80
 Bits: [0x000002c18f000000, 0x000002c190f68000)

Polling page: 0x000002c1f5010000

Metaspace:

Usage:
  Non-class:     17.59 MB used.
      Class:      2.35 MB used.
       Both:     19.94 MB used.

Virtual space:
  Non-class space:       64.00 MB reserved,      17.75 MB ( 28%) committed,  1 nodes.
      Class space:        1.00 GB reserved,       2.50 MB ( <1%) committed,  1 nodes.
             Both:        1.06 GB reserved,      20.25 MB (  2%) committed. 

Chunk freelists:
   Non-Class:  14.01 MB
       Class:  13.53 MB
        Both:  27.54 MB

MaxMetaspaceSize: unlimited
CompressedClassSpaceSize: 1.00 GB
Initial GC threshold: 21.00 MB
Current GC threshold: 21.00 MB
CDS: on
 - commit_granule_bytes: 65536.
 - commit_granule_words: 8192.
 - virtual_space_node_default_size: 8388608.
 - enlarge_chunks_in_place: 1.
 - use_allocation_guard: 0.


Internal statistics:

num_allocs_failed_limit: 0.
num_arena_births: 214.
num_arena_deaths: 0.
num_vsnodes_births: 2.
num_vsnodes_deaths: 0.
num_space_committed: 324.
num_space_uncommitted: 0.
num_chunks_returned_to_freelist: 0.
num_chunks_taken_from_freelist: 796.
num_chunk_merges: 0.
num_chunk_splits: 574.
num_chunks_enlarged: 474.
num_inconsistent_stats: 0.

CodeHeap 'non-profiled nmethods': size=120000Kb used=1398Kb max_used=1398Kb free=118601Kb
 bounds [0x000002c187ad0000, 0x000002c187d40000, 0x000002c18f000000]
CodeHeap 'profiled nmethods': size=120000Kb used=6533Kb max_used=6533Kb free=113466Kb
 bounds [0x000002c180000000, 0x000002c180670000, 0x000002c187530000]
CodeHeap 'non-nmethods': size=5760Kb used=1487Kb max_used=1553Kb free=4272Kb
 bounds [0x000002c187530000, 0x000002c1877a0000, 0x000002c187ad0000]
 total_blobs=3647 nmethods=3139 adapters=413
 compilation: enabled
              stopped_count=0, restarted_count=0
 full_count=0

Compilation events (20 events):
Event: 18.784 Thread 0x000002c1fe861cb0 3083       3       java.util.Collections$SetFromMap::contains (11 bytes)
Event: 18.784 Thread 0x000002c1fe861cb0 nmethod 3083 0x000002c18063dd90 code [0x000002c18063df40, 0x000002c18063e130]
Event: 18.784 Thread 0x000002c1fe861cb0 3082       3       org.springframework.beans.factory.support.AbstractBeanDefinition::hasBeanClass (8 bytes)
Event: 18.785 Thread 0x000002c1fe861cb0 nmethod 3082 0x000002c18063e210 code [0x000002c18063e3a0, 0x000002c18063e588]
Event: 18.793 Thread 0x000002c1fe861cb0 3084       3       java.lang.WeakPairMap$Pair::hashCode (10 bytes)
Event: 18.793 Thread 0x000002c1fe861cb0 nmethod 3084 0x000002c18063e610 code [0x000002c18063e7c0, 0x000002c18063e918]
Event: 18.817 Thread 0x000002c1fe861cb0 3085       3       java.lang.reflect.ReflectAccess::getRoot (5 bytes)
Event: 18.817 Thread 0x000002c1fe861cb0 nmethod 3085 0x000002c18063ea10 code [0x000002c18063ebc0, 0x000002c18063eda0]
Event: 18.817 Thread 0x000002c1fe861cb0 3086       3       jdk.internal.reflect.MagicAccessorImpl::<init> (5 bytes)
Event: 18.817 Thread 0x000002c1fe861cb0 nmethod 3086 0x000002c18063ee90 code [0x000002c18063f020, 0x000002c18063f188]
Event: 18.817 Thread 0x000002c1fe861cb0 3087       3       jdk.internal.reflect.MethodHandleAccessorFactory::ensureClassInitialized (18 bytes)
Event: 18.818 Thread 0x000002c1fe861cb0 nmethod 3087 0x000002c18063f210 code [0x000002c18063f420, 0x000002c18063f8a0]
Event: 18.818 Thread 0x000002c1fe861cb0 3088       3       java.lang.invoke.MethodType::genericMethodType (6 bytes)
Event: 18.818 Thread 0x000002c1fe861cb0 nmethod 3088 0x000002c18063fa90 code [0x000002c18063fc40, 0x000002c18063fd68]
Event: 18.821 Thread 0x000002c1fe861cb0 3089       3       org.springframework.beans.factory.support.AbstractAutowireCapableBeanFactory::predictBeanType (126 bytes)
Event: 18.822 Thread 0x000002c1fe861cb0 nmethod 3089 0x000002c18063fe10 code [0x000002c1806400a0, 0x000002c180640e30]
Event: 18.825 Thread 0x000002c1fe861cb0 3090       1       sun.reflect.generics.repository.AbstractRepository::getTree (5 bytes)
Event: 18.825 Thread 0x000002c1fe861cb0 nmethod 3090 0x000002c187c2bb90 code [0x000002c187c2bd20, 0x000002c187c2bde8]
Event: 18.827 Thread 0x000002c1fe861cb0 3091       3       java.util.concurrent.ConcurrentHashMap::mappingCount (17 bytes)
Event: 18.827 Thread 0x000002c1fe861cb0 nmethod 3091 0x000002c180641290 code [0x000002c180641440, 0x000002c1806415d8]

GC Heap History (6 events):
Event: 10.761 GC heap before
{Heap before GC invocations=0 (full 0):
 garbage-first heap   total reserved 2058240K, committed 129024K, used 16384K [0x0000000082600000, 0x0000000100000000)
  region size 1024K, 14 young (14336K), 0 survivors (0K)
 Metaspace       used 2200K, committed 2368K, reserved 1114112K
  class space    used 178K, committed 256K, reserved 1048576K
}
Event: 10.788 GC heap after
{Heap after GC invocations=1 (full 0):
 garbage-first heap   total reserved 2058240K, committed 129024K, used 6442K [0x0000000082600000, 0x0000000100000000)
  region size 1024K, 2 young (2048K), 2 survivors (2048K)
 Metaspace       used 2200K, committed 2368K, reserved 1114112K
  class space    used 178K, committed 256K, reserved 1048576K
}
Event: 13.859 GC heap before
{Heap before GC invocations=1 (full 0):
 garbage-first heap   total reserved 2058240K, committed 129024K, used 20778K [0x0000000082600000, 0x0000000100000000)
  region size 1024K, 16 young (16384K), 2 survivors (2048K)
 Metaspace       used 5677K, committed 5824K, reserved 1114112K
  class space    used 624K, committed 704K, reserved 1048576K
}
Event: 13.864 GC heap after
{Heap after GC invocations=2 (full 0):
 garbage-first heap   total reserved 2058240K, committed 129024K, used 8030K [0x0000000082600000, 0x0000000100000000)
  region size 1024K, 2 young (2048K), 2 survivors (2048K)
 Metaspace       used 5677K, committed 5824K, reserved 1114112K
  class space    used 624K, committed 704K, reserved 1048576K
}
Event: 16.263 GC heap before
{Heap before GC invocations=2 (full 0):
 garbage-first heap   total reserved 2058240K, committed 129024K, used 34654K [0x0000000082600000, 0x0000000100000000)
  region size 1024K, 29 young (29696K), 2 survivors (2048K)
 Metaspace       used 13127K, committed 13376K, reserved 1114112K
  class space    used 1526K, committed 1664K, reserved 1048576K
}
Event: 16.268 GC heap after
{Heap after GC invocations=3 (full 0):
 garbage-first heap   total reserved 2058240K, committed 129024K, used 9825K [0x0000000082600000, 0x0000000100000000)
  region size 1024K, 4 young (4096K), 4 survivors (4096K)
 Metaspace       used 13127K, committed 13376K, reserved 1114112K
  class space    used 1526K, committed 1664K, reserved 1048576K
}

Dll operation events (12 events):
Event: 0.706 Loaded shared library C:\Users\Bia e Leo\.jdks\openjdk-22.0.1\bin\java.dll
Event: 0.708 Loaded shared library C:\Users\Bia e Leo\.jdks\openjdk-22.0.1\bin\zip.dll
Event: 0.757 Loaded shared library C:\Users\Bia e Leo\.jdks\openjdk-22.0.1\bin\jsvml.dll
Event: 6.249 Loaded shared library C:\Users\Bia e Leo\.jdks\openjdk-22.0.1\bin\instrument.dll
Event: 8.206 Loaded shared library C:\Users\Bia e Leo\.jdks\openjdk-22.0.1\bin\net.dll
Event: 8.208 Loaded shared library C:\Users\Bia e Leo\.jdks\openjdk-22.0.1\bin\nio.dll
Event: 8.236 Loaded shared library C:\Users\Bia e Leo\.jdks\openjdk-22.0.1\bin\zip.dll
Event: 8.733 Loaded shared library C:\Users\Bia e Leo\.jdks\openjdk-22.0.1\bin\verify.dll
Event: 8.910 Loaded shared library C:\Users\Bia e Leo\.jdks\openjdk-22.0.1\bin\jimage.dll
Event: 14.544 Loaded shared library C:\Users\Bia e Leo\.jdks\openjdk-22.0.1\bin\management.dll
Event: 14.553 Loaded shared library C:\Users\Bia e Leo\.jdks\openjdk-22.0.1\bin\management_ext.dll
Event: 15.380 Loaded shared library C:\Users\Bia e Leo\.jdks\openjdk-22.0.1\bin\le.dll

Deoptimization events (20 events):
Event: 18.830 Thread 0x000002c1f5855c50 DEOPT PACKING pc=0x000002c18049ffc4 sp=0x000000e0873fe990
Event: 18.830 Thread 0x000002c1f5855c50 DEOPT UNPACKING pc=0x000002c187584e23 sp=0x000000e0873fdef8 mode 1
Event: 18.831 Thread 0x000002c1f5855c50 DEOPT PACKING pc=0x000002c1801512c9 sp=0x000000e0873fdec0
Event: 18.831 Thread 0x000002c1f5855c50 DEOPT UNPACKING pc=0x000002c187584e23 sp=0x000000e0873fd318 mode 1
Event: 18.831 Thread 0x000002c1f5855c50 DEOPT PACKING pc=0x000002c18014d164 sp=0x000000e0873fdf50
Event: 18.831 Thread 0x000002c1f5855c50 DEOPT UNPACKING pc=0x000002c187584e23 sp=0x000000e0873fd3f8 mode 1
Event: 18.831 Thread 0x000002c1f5855c50 DEOPT PACKING pc=0x000002c1801f2e6c sp=0x000000e0873fe910
Event: 18.831 Thread 0x000002c1f5855c50 DEOPT UNPACKING pc=0x000002c187584e23 sp=0x000000e0873fddd8 mode 1
Event: 18.831 Thread 0x000002c1f5855c50 DEOPT PACKING pc=0x000002c1801f296c sp=0x000000e0873fe9a0
Event: 18.831 Thread 0x000002c1f5855c50 DEOPT UNPACKING pc=0x000002c187584e23 sp=0x000000e0873fde78 mode 1
Event: 18.831 Thread 0x000002c1f5855c50 DEOPT PACKING pc=0x000002c1801512c9 sp=0x000000e0873fde30
Event: 18.831 Thread 0x000002c1f5855c50 DEOPT UNPACKING pc=0x000002c187584e23 sp=0x000000e0873fd288 mode 1
Event: 18.831 Thread 0x000002c1f5855c50 DEOPT PACKING pc=0x000002c18014d164 sp=0x000000e0873fdec0
Event: 18.831 Thread 0x000002c1f5855c50 DEOPT UNPACKING pc=0x000002c187584e23 sp=0x000000e0873fd368 mode 1
Event: 18.831 Thread 0x000002c1f5855c50 DEOPT PACKING pc=0x000002c1801f2e6c sp=0x000000e0873fe880
Event: 18.831 Thread 0x000002c1f5855c50 DEOPT UNPACKING pc=0x000002c187584e23 sp=0x000000e0873fdd48 mode 1
Event: 18.831 Thread 0x000002c1f5855c50 DEOPT PACKING pc=0x000002c1801f296c sp=0x000000e0873fe910
Event: 18.831 Thread 0x000002c1f5855c50 DEOPT UNPACKING pc=0x000002c187584e23 sp=0x000000e0873fddd0 mode 1
Event: 18.831 Thread 0x000002c1f5855c50 DEOPT PACKING pc=0x000002c18049ffc4 sp=0x000000e0873fe990
Event: 18.831 Thread 0x000002c1f5855c50 DEOPT UNPACKING pc=0x000002c187584e23 sp=0x000000e0873fdef8 mode 1

Classes loaded (20 events):
Event: 18.819 Loading class org/springframework/boot/autoconfigure/task/TaskExecutionAutoConfiguration
Event: 18.819 Loading class org/springframework/boot/autoconfigure/task/TaskExecutionAutoConfiguration done
Event: 18.827 Loading class freemarker/template/Configuration
Event: 18.827 Loading class freemarker/template/Configuration done
Event: 18.828 Loading class freemarker/template$Configuration
Event: 18.828 Loading class freemarker/template$Configuration done
Event: 18.828 Loading class com/samskivert/mustache/Template
Event: 18.828 Loading class com/samskivert/mustache/Template done
Event: 18.828 Loading class com/samskivert/mustache$Template
Event: 18.828 Loading class com/samskivert/mustache$Template done
Event: 18.829 Loading class groovy/text/TemplateEngine
Event: 18.829 Loading class groovy/text/TemplateEngine done
Event: 18.830 Loading class groovy/text$TemplateEngine
Event: 18.830 Loading class groovy/text$TemplateEngine done
Event: 18.830 Loading class org/thymeleaf/spring5/SpringTemplateEngine
Event: 18.830 Loading class org/thymeleaf/spring5/SpringTemplateEngine done
Event: 18.830 Loading class org/thymeleaf/spring5$SpringTemplateEngine
Event: 18.830 Loading class org/thymeleaf/spring5$SpringTemplateEngine done
Event: 18.831 Loading class org/apache/jasper/compiler/JspConfig
Event: 18.831 Loading class org/apache/jasper/compiler/JspConfig done

Classes unloaded (0 events):
No events

Classes redefined (0 events):
No events

Internal exceptions (20 events):
Event: 16.674 Thread 0x000002c1f5855c50 Exception <a 'java/lang/ClassNotFoundException'{0x0000000089682690}: org/springframework/beans/factory/support/BeanDefinitionRegistryPostProcessorCustomizer> (0x0000000089682690) 
thrown [s\open\src\hotspot\share\classfile\systemDictionary.cpp, line 313]
Event: 16.676 Thread 0x000002c1f5855c50 Exception <a 'java/lang/ClassNotFoundException'{0x00000000896866e0}: org/springframework/beans/factory/config/BeanFactoryPostProcessorCustomizer> (0x00000000896866e0) 
thrown [s\open\src\hotspot\share\classfile\systemDictionary.cpp, line 313]
Event: 16.677 Thread 0x000002c1f5855c50 Exception <a 'java/lang/ClassNotFoundException'{0x000000008968a580}: org/springframework/core/PriorityOrderedCustomizer> (0x000000008968a580) 
thrown [s\open\src\hotspot\share\classfile\systemDictionary.cpp, line 313]
Event: 16.678 Thread 0x000002c1f5855c50 Exception <a 'java/lang/ClassNotFoundException'{0x000000008968d120}: org/springframework/core/OrderedCustomizer> (0x000000008968d120) 
thrown [s\open\src\hotspot\share\classfile\systemDictionary.cpp, line 313]
Event: 16.679 Thread 0x000002c1f5855c50 Exception <a 'java/lang/ClassNotFoundException'{0x0000000089690df0}: org/springframework/context/ResourceLoaderAwareCustomizer> (0x0000000089690df0) 
thrown [s\open\src\hotspot\share\classfile\systemDictionary.cpp, line 313]
Event: 16.680 Thread 0x000002c1f5855c50 Exception <a 'java/lang/ClassNotFoundException'{0x0000000089694c60}: org/springframework/beans/factory/AwareCustomizer> (0x0000000089694c60) 
thrown [s\open\src\hotspot\share\classfile\systemDictionary.cpp, line 313]
Event: 16.681 Thread 0x000002c1f5855c50 Exception <a 'java/lang/ClassNotFoundException'{0x0000000089697a70}: org/springframework/context/ApplicationStartupAwareCustomizer> (0x0000000089697a70) 
thrown [s\open\src\hotspot\share\classfile\systemDictionary.cpp, line 313]
Event: 16.682 Thread 0x000002c1f5855c50 Exception <a 'java/lang/ClassNotFoundException'{0x0000000089597770}: org/springframework/beans/factory/AwareCustomizer> (0x0000000089597770) 
thrown [s\open\src\hotspot\share\classfile\systemDictionary.cpp, line 313]
Event: 16.683 Thread 0x000002c1f5855c50 Exception <a 'java/lang/ClassNotFoundException'{0x000000008959a588}: org/springframework/beans/factory/BeanClassLoaderAwareCustomizer> (0x000000008959a588) 
thrown [s\open\src\hotspot\share\classfile\systemDictionary.cpp, line 313]
Event: 16.685 Thread 0x000002c1f5855c50 Exception <a 'java/lang/ClassNotFoundException'{0x000000008959e3e0}: org/springframework/beans/factory/AwareCustomizer> (0x000000008959e3e0) 
thrown [s\open\src\hotspot\share\classfile\systemDictionary.cpp, line 313]
Event: 16.686 Thread 0x000002c1f5855c50 Exception <a 'java/lang/ClassNotFoundException'{0x00000000895a0fe8}: org/springframework/context/EnvironmentAwareCustomizer> (0x00000000895a0fe8) 
thrown [s\open\src\hotspot\share\classfile\systemDictionary.cpp, line 313]
Event: 16.687 Thread 0x000002c1f5855c50 Exception <a 'java/lang/ClassNotFoundException'{0x00000000895a4dd8}: org/springframework/beans/factory/AwareCustomizer> (0x00000000895a4dd8) 
thrown [s\open\src\hotspot\share\classfile\systemDictionary.cpp, line 313]
Event: 16.707 Thread 0x000002c1d8228df0 Exception <a 'java/lang/NoSuchMethodError'{0x000000008944b5f8}: 'long java.lang.invoke.DirectMethodHandle$Holder.invokeSpecial(java.lang.Object, java.lang.Object)'> (0x000000008944b5f8) 
thrown [s\open\src\hotspot\share\interpreter\linkResolver.cpp, line 774]
Event: 16.710 Thread 0x000002c1d8228df0 Exception <a 'java/lang/NoSuchMethodError'{0x00000000894c5f08}: 'long java.lang.invoke.DirectMethodHandle$Holder.invokeStatic(java.lang.Object, java.lang.Object)'> (0x00000000894c5f08) 
thrown [s\open\src\hotspot\share\interpreter\linkResolver.cpp, line 774]
Event: 16.710 Thread 0x000002c1d8228df0 Exception <a 'java/lang/NoSuchMethodError'{0x00000000894c92a0}: 'long java.lang.invoke.DirectMethodHandle$Holder.invokeStaticInit(java.lang.Object, java.lang.Object)'> (0x00000000894c92a0) 
thrown [s\open\src\hotspot\share\interpreter\linkResolver.cpp, line 774]
Event: 16.713 Thread 0x000002c1d8228df0 Exception <a 'java/lang/NoSuchMethodError'{0x00000000894d5748}: 'long java.lang.invoke.DirectMethodHandle$Holder.invokeInterface(java.lang.Object, java.lang.Object)'> (0x00000000894d5748) 
thrown [s\open\src\hotspot\share\interpreter\linkResolver.cpp, line 774]
Event: 16.714 Thread 0x000002c1d8228df0 Exception <a 'java/lang/IncompatibleClassChangeError'{0x00000000894d8a08}: Found class java.lang.Object, but interface was expected> (0x00000000894d8a08) 
thrown [s\open\src\hotspot\share\interpreter\linkResolver.cpp, line 841]
Event: 16.743 Thread 0x000002c1d8228df0 Exception <a 'java/lang/NoSuchMethodError'{0x0000000089346188}: 'java.lang.Object java.lang.invoke.DirectMethodHandle$Holder.invokeVirtual(java.lang.Object, java.lang.Object, java.lang.Object, java.lang.Object)'> (0x0000000089346188) 
thrown [s\open\src\hotspot\share\interpreter\linkResolver.cpp, line 774]
Event: 17.295 Thread 0x000002c1f5855c50 Exception <a 'java/lang/IncompatibleClassChangeError'{0x0000000088b06760}: Found class java.lang.Object, but interface was expected> (0x0000000088b06760) 
thrown [s\open\src\hotspot\share\interpreter\linkResolver.cpp, line 841]
Event: 17.504 Thread 0x000002c1f5855c50 Exception <a 'java/lang/NoSuchMethodError'{0x00000000889f7630}: 'void java.lang.invoke.DirectMethodHandle$Holder.invokeInterface(java.lang.Object, java.lang.Object, java.lang.Object, java.lang.Object)'> (0x00000000889f7630) 
thrown [s\open\src\hotspot\share\interpreter\linkResolver.cpp, line 774]

ZGC Phase Switch (0 events):
No events

VM Operations (20 events):
Event: 15.035 Executing VM operation: HandshakeAllThreads (Deoptimize)
Event: 15.036 Executing VM operation: HandshakeAllThreads (Deoptimize) done
Event: 15.532 Executing VM operation: HandshakeAllThreads (Deoptimize)
Event: 15.532 Executing VM operation: HandshakeAllThreads (Deoptimize) done
Event: 15.533 Executing VM operation: HandshakeAllThreads (Deoptimize)
Event: 15.533 Executing VM operation: HandshakeAllThreads (Deoptimize) done
Event: 16.263 Executing VM operation: G1CollectForAllocation (G1 Evacuation Pause)
Event: 16.268 Executing VM operation: G1CollectForAllocation (G1 Evacuation Pause) done
Event: 16.547 Executing VM operation: HandshakeAllThreads (Deoptimize)
Event: 16.547 Executing VM operation: HandshakeAllThreads (Deoptimize) done
Event: 16.632 Executing VM operation: HandshakeAllThreads (Deoptimize)
Event: 16.632 Executing VM operation: HandshakeAllThreads (Deoptimize) done
Event: 16.740 Executing VM operation: HandshakeAllThreads (Deoptimize)
Event: 16.740 Executing VM operation: HandshakeAllThreads (Deoptimize) done
Event: 17.460 Executing VM operation: ICBufferFull
Event: 17.461 Executing VM operation: ICBufferFull done
Event: 18.417 Executing VM operation: ICBufferFull
Event: 18.417 Executing VM operation: ICBufferFull done
Event: 18.628 Executing VM operation: HandshakeAllThreads (Deoptimize)
Event: 18.629 Executing VM operation: HandshakeAllThreads (Deoptimize) done

Events (20 events):
Event: 0.756 Thread 0x000002c1fe84bae0 Thread added: 0x000002c1fe84bae0
Event: 0.756 Thread 0x000002c1fe85d5d0 Thread added: 0x000002c1fe85d5d0
Event: 0.756 Thread 0x000002c1fe861cb0 Thread added: 0x000002c1fe861cb0
Event: 0.851 Thread 0x000002c1d8229b10 Thread added: 0x000002c1d8229b10
Event: 0.974 Thread 0x000002c1d82e19f0 Thread added: 0x000002c1d82e19f0
Event: 0.974 Thread 0x000002c1d83ab150 Thread added: 0x000002c1d83ab150
Event: 0.998 Thread 0x000002c1d83ab7e0 Thread added: 0x000002c1d83ab7e0
Event: 6.516 Thread 0x000002c1d8228760 Thread added: 0x000002c1d8228760
Event: 8.429 Thread 0x000002c1d8463560 Thread added: 0x000002c1d8463560
Event: 8.645 Thread 0x000002c1d8463560 Thread exited: 0x000002c1d8463560
Event: 14.125 Thread 0x000002c1d8226690 Thread added: 0x000002c1d8226690
Event: 14.151 Thread 0x000002c1d8226690 Thread exited: 0x000002c1d8226690
Event: 14.473 Thread 0x000002c1d9235e50 Thread added: 0x000002c1d9235e50
Event: 15.079 Thread 0x000002c1d8228df0 Thread added: 0x000002c1d8228df0
Event: 15.864 Thread 0x000002c1d9235e50 Thread exited: 0x000002c1d9235e50
Event: 16.753 Thread 0x000002c1d8228df0 Thread exited: 0x000002c1d8228df0
Event: 17.139 Thread 0x000002c1d82280d0 Thread added: 0x000002c1d82280d0
Event: 17.276 Thread 0x000002c1d82280d0 Thread exited: 0x000002c1d82280d0
Event: 17.491 Thread 0x000002c1d9aad5b0 Thread added: 0x000002c1d9aad5b0
Event: 17.645 Thread 0x000002c1d9aad5b0 Thread exited: 0x000002c1d9aad5b0


Dynamic libraries:
0x00007ff71bfb0000 - 0x00007ff71bfbe000 	C:\Users\Bia e Leo\.jdks\openjdk-22.0.1\bin\java.exe
0x00007ffd1ef70000 - 0x00007ffd1f168000 	C:\WINDOWS\SYSTEM32\ntdll.dll
0x00007ffd07560000 - 0x00007ffd0757a000 	C:\Program Files\AVAST Software\Avast\aswhook.dll
0x00007ffd1d2a0000 - 0x00007ffd1d361000 	C:\WINDOWS\System32\KERNEL32.DLL
0x00007ffd1c870000 - 0x00007ffd1cb66000 	C:\WINDOWS\System32\KERNELBASE.dll
0x00007ffd1cc80000 - 0x00007ffd1cd80000 	C:\WINDOWS\System32\ucrtbase.dll
0x00007ffd0b280000 - 0x00007ffd0b297000 	C:\Users\Bia e Leo\.jdks\openjdk-22.0.1\bin\jli.dll
0x00007ffd08150000 - 0x00007ffd0816b000 	C:\Users\Bia e Leo\.jdks\openjdk-22.0.1\bin\VCRUNTIME140.dll
0x00007ffd1d370000 - 0x00007ffd1d50f000 	C:\WINDOWS\System32\USER32.dll
0x00007ffd1c620000 - 0x00007ffd1c642000 	C:\WINDOWS\System32\win32u.dll
0x00007ffd1ef00000 - 0x00007ffd1ef2b000 	C:\WINDOWS\System32\GDI32.dll
0x00007ffd1c6a0000 - 0x00007ffd1c7b7000 	C:\WINDOWS\System32\gdi32full.dll
0x00007ffd1cb70000 - 0x00007ffd1cc0d000 	C:\WINDOWS\System32\msvcp_win.dll
0x00007ffd0b750000 - 0x00007ffd0b9ea000 	C:\WINDOWS\WinSxS\amd64_microsoft.windows.common-controls_6595b64144ccf1df_6.0.19041.4355_none_60b8b9eb71f62e16\COMCTL32.dll
0x00007ffd1d0d0000 - 0x00007ffd1d16e000 	C:\WINDOWS\System32\msvcrt.dll
0x00007ffd1d570000 - 0x00007ffd1d59f000 	C:\WINDOWS\System32\IMM32.DLL
0x00007ffd082d0000 - 0x00007ffd082dc000 	C:\Users\Bia e Leo\.jdks\openjdk-22.0.1\bin\vcruntime140_1.dll
0x00007ffcfc950000 - 0x00007ffcfc9de000 	C:\Users\Bia e Leo\.jdks\openjdk-22.0.1\bin\msvcp140.dll
0x00007ffcdaf10000 - 0x00007ffcdbc57000 	C:\Users\Bia e Leo\.jdks\openjdk-22.0.1\bin\server\jvm.dll
0x00007ffd1ec00000 - 0x00007ffd1ecb0000 	C:\WINDOWS\System32\ADVAPI32.dll
0x00007ffd1ed10000 - 0x00007ffd1edb0000 	C:\WINDOWS\System32\sechost.dll
0x00007ffd1cfa0000 - 0x00007ffd1d0c3000 	C:\WINDOWS\System32\RPCRT4.dll
0x00007ffd1cf70000 - 0x00007ffd1cf97000 	C:\WINDOWS\System32\bcrypt.dll
0x00007ffd1ee90000 - 0x00007ffd1eefb000 	C:\WINDOWS\System32\WS2_32.dll
0x00007ffd1c470000 - 0x00007ffd1c4bb000 	C:\WINDOWS\SYSTEM32\POWRPROF.dll
0x00007ffcfeb50000 - 0x00007ffcfeb77000 	C:\WINDOWS\SYSTEM32\WINMM.dll
0x00007ffd0d060000 - 0x00007ffd0d06a000 	C:\WINDOWS\SYSTEM32\VERSION.dll
0x00007ffd1c450000 - 0x00007ffd1c462000 	C:\WINDOWS\SYSTEM32\UMPDC.dll
0x00007ffd1a480000 - 0x00007ffd1a492000 	C:\WINDOWS\SYSTEM32\kernel.appcore.dll
0x00007ffd08110000 - 0x00007ffd0811a000 	C:\Users\Bia e Leo\.jdks\openjdk-22.0.1\bin\jimage.dll
0x00007ffd15b00000 - 0x00007ffd15ce4000 	C:\WINDOWS\SYSTEM32\DBGHELP.DLL
0x00007ffd15a50000 - 0x00007ffd15a84000 	C:\WINDOWS\SYSTEM32\dbgcore.DLL
0x00007ffd1cd80000 - 0x00007ffd1ce02000 	C:\WINDOWS\System32\bcryptPrimitives.dll
0x00007ffd07db0000 - 0x00007ffd07dec000 	C:\Users\Bia e Leo\.jdks\openjdk-22.0.1\bin\jdwp.dll
0x00007ffd11560000 - 0x00007ffd1156f000 	C:\Users\Bia e Leo\.jdks\openjdk-22.0.1\bin\instrument.dll
0x00007ffd08060000 - 0x00007ffd0807e000 	C:\Users\Bia e Leo\.jdks\openjdk-22.0.1\bin\java.dll
0x00007ffd1e3a0000 - 0x00007ffd1eb0c000 	C:\WINDOWS\System32\SHELL32.dll
0x00007ffd1d170000 - 0x00007ffd1d29b000 	C:\WINDOWS\System32\ole32.dll
0x00007ffd1dda0000 - 0x00007ffd1e0f3000 	C:\WINDOWS\System32\combase.dll
0x00007ffcff8c0000 - 0x00007ffcff8d7000 	C:\Users\Bia e Leo\.jdks\openjdk-22.0.1\bin\zip.dll
0x00007ffd1a680000 - 0x00007ffd1ae1e000 	C:\WINDOWS\SYSTEM32\windows.storage.dll
0x00007ffd1be90000 - 0x00007ffd1bebe000 	C:\WINDOWS\SYSTEM32\Wldp.dll
0x00007ffd1e2a0000 - 0x00007ffd1e36d000 	C:\WINDOWS\System32\OLEAUT32.dll
0x00007ffd1d880000 - 0x00007ffd1d92d000 	C:\WINDOWS\System32\SHCORE.dll
0x00007ffd1eba0000 - 0x00007ffd1ebf5000 	C:\WINDOWS\System32\shlwapi.dll
0x00007ffd1c550000 - 0x00007ffd1c574000 	C:\WINDOWS\SYSTEM32\profapi.dll
0x00007ffcf5520000 - 0x00007ffcf55f7000 	C:\Users\Bia e Leo\.jdks\openjdk-22.0.1\bin\jsvml.dll
0x00007ffd11550000 - 0x00007ffd1155c000 	C:\Users\Bia e Leo\.jdks\openjdk-22.0.1\bin\dt_socket.dll
0x00007ffd1b970000 - 0x00007ffd1b9ab000 	C:\WINDOWS\SYSTEM32\IPHLPAPI.DLL
0x00007ffd1bc70000 - 0x00007ffd1bcda000 	C:\WINDOWS\system32\mswsock.dll
0x00007ffd08100000 - 0x00007ffd08110000 	C:\Users\Bia e Leo\.jdks\openjdk-22.0.1\bin\net.dll
0x00007ffd07ce0000 - 0x00007ffd07cf6000 	C:\Users\Bia e Leo\.jdks\openjdk-22.0.1\bin\nio.dll
0x00007ffcfeab0000 - 0x00007ffcfeac0000 	C:\Users\Bia e Leo\.jdks\openjdk-22.0.1\bin\verify.dll
0x00007ffd1e370000 - 0x00007ffd1e378000 	C:\WINDOWS\System32\NSI.dll
0x00007ffd1b9b0000 - 0x00007ffd1ba7a000 	C:\WINDOWS\SYSTEM32\DNSAPI.dll
0x00007ffd0ce40000 - 0x00007ffd0ce4a000 	C:\Windows\System32\rasadhlp.dll
0x00007ffd12c30000 - 0x00007ffd12cb0000 	C:\WINDOWS\System32\fwpuclnt.dll
0x00007ffd19a50000 - 0x00007ffd19a5a000 	C:\Users\Bia e Leo\.jdks\openjdk-22.0.1\bin\management.dll
0x00007ffd11720000 - 0x00007ffd1172b000 	C:\Users\Bia e Leo\.jdks\openjdk-22.0.1\bin\management_ext.dll
0x00007ffd1d5a0000 - 0x00007ffd1d5a8000 	C:\WINDOWS\System32\PSAPI.DLL
0x00007ffd0a660000 - 0x00007ffd0a677000 	C:\WINDOWS\system32\napinsp.dll
0x00007ffd12d60000 - 0x00007ffd12d7b000 	C:\WINDOWS\system32\pnrpnsp.dll
0x00007ffd12cb0000 - 0x00007ffd12cc5000 	C:\WINDOWS\system32\wshbth.dll
0x00007ffd17c10000 - 0x00007ffd17c2d000 	C:\WINDOWS\system32\NLAapi.dll
0x00007ffd0a680000 - 0x00007ffd0a692000 	C:\WINDOWS\System32\winrnr.dll
0x00007ffd11540000 - 0x00007ffd1154b000 	C:\Users\Bia e Leo\.jdks\openjdk-22.0.1\bin\le.dll

dbghelp: loaded successfully - version: 4.0.5 - missing functions: none
symbol engine: initialized successfully - sym options: 0x614 - pdb path: .;C:\Users\Bia e Leo\.jdks\openjdk-22.0.1\bin;C:\WINDOWS\SYSTEM32;C:\Program Files\AVAST Software\Avast;C:\WINDOWS\WinSxS\amd64_microsoft.windows.common-controls_6595b64144ccf1df_6.0.19041.4355_none_60b8b9eb71f62e16;C:\Users\Bia e Leo\.jdks\openjdk-22.0.1\bin\server

VM Arguments:
jvm_args: -agentlib:jdwp=transport=dt_socket,address=127.0.0.1:62233,suspend=y,server=n -javaagent:C:\Users\BIAELE~1\AppData\Local\Temp\captureAgentjars\debugger-agent.jar -Dfile.encoding=UTF-8 -Dsun.stdout.encoding=UTF-8 -Dsun.stderr.encoding=UTF-8 
java_command: one.digitalinnovation.gof.Application
java_class_path (initial): C:\Users\Bia e Leo\Desktop\lab-padroes-projeto-spring-main\target\classes;C:\Users\Bia e Leo\.m2\repository\org\springframework\boot\spring-boot-starter-data-jpa\2.5.4\spring-boot-starter-data-jpa-2.5.4.jar;C:\Users\Bia e Leo\.m2\repository\org\springframework\boot\spring-boot-starter-aop\2.5.4\spring-boot-starter-aop-2.5.4.jar;C:\Users\Bia e Leo\.m2\repository\org\springframework\spring-aop\5.3.9\spring-aop-5.3.9.jar;C:\Users\Bia e Leo\.m2\repository\org\aspectj\aspectjweaver\1.9.7\aspectjweaver-1.9.7.jar;C:\Users\Bia e Leo\.m2\repository\org\springframework\boot\spring-boot-starter-jdbc\2.5.4\spring-boot-starter-jdbc-2.5.4.jar;C:\Users\Bia e Leo\.m2\repository\com\zaxxer\HikariCP\4.0.3\HikariCP-4.0.3.jar;C:\Users\Bia e Leo\.m2\repository\org\springframework\spring-jdbc\5.3.9\spring-jdbc-5.3.9.jar;C:\Users\Bia e Leo\.m2\repository\jakarta\transaction\jakarta.transaction-api\1.3.3\jakarta.transaction-api-1.3.3.jar;C:\Users\Bia e Leo\.m2\repository\jakarta\persistence\jakarta.persistence-api\2.2.3\jakarta.persistence-api-2.2.3.jar;C:\Users\Bia e Leo\.m2\repository\org\hibernate\hibernate-core\5.4.32.Final\hibernate-core-5.4.32.Final.jar;C:\Users\Bia e Leo\.m2\repository\org\jboss\logging\jboss-logging\3.4.2.Final\jboss-logging-3.4.2.Final.jar;C:\Users\Bia e Leo\.m2\repository\org\javassist\javassist\3.27.0-GA\javassist-3.27.0-GA.jar;C:\Users\Bia e Leo\.m2\repository\net\bytebuddy\byte-buddy\1.10.22\byte-buddy-1.10.22.jar;C:\Users\Bia e Leo\.m2\repository\antlr\antlr\2.7.7\antlr-2.7.7.jar;C:\Users\Bia e Leo\.m2\repository\org\jboss\jandex\2.2.3.Final\jandex-2.2.3.Final.jar;C:\Users\Bia e Leo\.m2\repository\com\fasterxml\classmate\1.5.1\classmate-1.5.1.jar;C:\Users\Bia e Leo\.m2\repository\org\dom4j\dom4j\2.1.3\dom4j-2.1.3.jar;C:\Users\Bia e Leo\.m2\repository\org\hibernate\common\hibernate-commons-annotations\5.1.2.Final\hibernate-commons-annotations-5.1.2.Final.jar;C:\Users\Bia e Leo\.m2\repository\org\glassfish\jaxb\jaxb-runtime\2.3.5\jaxb-runtime-2.3.5.jar;C:\Users\Bia e Leo\.m2\repository\org\glassfish\jaxb\txw2\2.3.5\txw2-2.3.5.jar;C:\Users\Bia e Leo\.m2\repository\com\sun\istack\istack-commons-runtime\3.0.12\istack-commons-runtime-3.0.12.jar;C:\Users\Bia e Leo\.m2\repository\com\sun\activation\jakarta.activation\1.2.2\jakarta.activation-1.2.2.jar;C:\Users\Bia e Leo\.m2\repository\org\springframework\data\spring-data-jpa\2.5.4\spring-data-jpa-2.5.4.jar;C:\Users\Bia e Leo\.m2\repository\org\springframework\data\spring-data-commons\2.5.4\spring-data-commons-2.5.4.jar;C:\Users\Bia e Leo\.m2\repository\org\springframework\spring-orm\5.3.9\spring-orm-5.3.9.jar;C:\Users\Bia e Leo\.m2\repository\org\springframework\spring-context\5.3.9\spring-context-5.3.9.jar;C:\Users\Bia e Leo\.m2\repository\org\springframework\spring-tx\5.3.9\spring-tx-5.3.9.jar;C:\Users\Bia e Leo\.m2\repository\org\springframework\spring-beans\5.3.9\spring-beans-5.3.9.jar;C:\Users\Bia e Leo\.m2\repository\org\slf4j\slf4j-api\1.7.32\slf4j-api-1.7.32.jar;C:\Users\Bia e Leo\.m2\repository\org\springframework\spring-aspects\5.3.9\spring-aspects-5.3.9.jar;C:\Users\Bia e Leo\.m2\repository\org\springframework\boot\spring-boot-starter-web\2.5.4\spring-boot-starter-web-2.5.4.jar;C:\Users\Bia e Leo\.m2\repository\org\springframework\boot\spring-boot-starter\2.5.4\spring-boot-starter-2.5.4.jar;C:\Users\Bia e Leo\.m2\repository\org\springframework\boot\spring-boot\2.5.4\spring-boot-2.5.4.jar;C:\Users\Bia e Leo\.m2\repository\org\springframework\boot\spring-boot-autoconfigure\2.5.4\spring-boot-autoconfigure-2.5.4.jar;C:\Users\Bia e Leo\.m2\repository\org\springframework\boot\spring-boot-starter-logging\2.5.4\spring-boot-starter-logging-2.5.4.jar;C:\Users\Bia e Leo\.m2\repository\ch\qos\logback\logback-classic\1.2.5\logback-classic-1.2.5.jar;C:\Users\Bia e Leo\.m2\repository\ch\qos\logback\logback-core\1.2.5\logback-core-1.2.5.jar;C:\Users\Bia e Leo\.m2\repository\org\apache\logging\log4j\log4j-to-slf4j\2.14.1\log4j-to-slf4j-2.14.1.jar;C:\Users\Bia e Leo\.m2\repository\org\apache\logging\log4j\log4j-api\2.14.1\log4j-api-2.14.1.jar;C:\Users\Bia e Leo\.m2\repository\org\slf4j\jul-to-slf4j\1.7.32\jul-to-slf4j-1.7.32.jar;C:\Users\Bia e Leo\.m2\repository\jakarta\annotation\jakarta.annotation-api\1.3.5\jakarta.annotation-api-1.3.5.jar;C:\Users\Bia e Leo\.m2\repository\org\yaml\snakeyaml\1.28\snakeyaml-1.28.jar;C:\Users\Bia e Leo\.m2\repository\org\springframework\boot\spring-boot-starter-json\2.5.4\spring-boot-starter-json-2.5.4.jar;C:\Users\Bia e Leo\.m2\repository\com\fasterxml\jackson\core\jackson-databind\2.12.4\jackson-databind-2.12.4.jar;C:\Users\Bia e Leo\.m2\repository\com\fasterxml\jackson\core\jackson-annotations\2.12.4\jackson-annotations-2.12.4.jar;C:\Users\Bia e Leo\.m2\repository\com\fasterxml\jackson\datatype\jackson-datatype-jdk8\2.12.4\jackson-datatype-jdk8-2.12.4.jar;C:\Users\Bia e Leo\.m2\repository\com\fasterxml\jackson\datatype\jackson-datatype-jsr310\2.12.4\jackson-datatype-jsr310-2.12.4.jar;C:\Users\Bia e Leo\.m2\repository\com\fasterxml\jackson\module\jackson-module-parameter-names\2.12.4\jackson-module-parameter-names-2.12.4.jar;C:\Users\Bia e Leo\.m2\repository\org\springframework\boot\spring-boot-starter-tomcat\2.5.4\spring-boot-starter-tomcat-2.5.4.jar;C:\Users\Bia e Leo\.m2\repository\org\apache\tomcat\embed\tomcat-embed-core\9.0.52\tomcat-embed-core-9.0.52.jar;C:\Users\Bia e Leo\.m2\repository\org\apache\tomcat\embed\tomcat-embed-el\9.0.52\tomcat-embed-el-9.0.52.jar;C:\Users\Bia e Leo\.m2\repository\org\apache\tomcat\embed\tomcat-embed-websocket\9.0.52\tomcat-embed-websocket-9.0.52.jar;C:\Users\Bia e Leo\.m2\repository\org\springframework\spring-web\5.3.9\spring-web-5.3.9.jar;C:\Users\Bia e Leo\.m2\repository\org\springframework\spring-webmvc\5.3.9\spring-webmvc-5.3.9.jar;C:\Users\Bia e Leo\.m2\repository\org\springframework\spring-expression\5.3.9\spring-expression-5.3.9.jar;C:\Users\Bia e Leo\.m2\repository\org\springframework\cloud\spring-cloud-starter-openfeign\3.0.3\spring-cloud-starter-openfeign-3.0.3.jar;C:\Users\Bia e Leo\.m2\repository\org\springframework\cloud\spring-cloud-starter\3.0.3\spring-cloud-starter-3.0.3.jar;C:\Users\Bia e Leo\.m2\repository\org\springframework\cloud\spring-cloud-context\3.0.3\spring-cloud-context-3.0.3.jar;C:\Users\Bia e Leo\.m2\repository\org\springframework\security\spring-security-rsa\1.0.10.RELEASE\spring-security-rsa-1.0.10.RELEASE.jar;C:\Users\Bia e Leo\.m2\repository\org\bouncycastle\bcpkix-jdk15on\1.68\bcpkix-jdk15on-1.68.jar;C:\Users\Bia e Leo\.m2\repository\org\bouncycastle\bcprov-jdk15on\1.68\bcprov-jdk15on-1.68.jar;C:\Users\Bia e Leo\.m2\repository\org\springframework\cloud\spring-cloud-openfeign-core\3.0.3\spring-cloud-openfeign-core-3.0.3.jar;C:\Users\Bia e Leo\.m2\repository\io\github\openfeign\form\feign-form-spring\3.8.0\feign-form-spring-3.8.0.jar;C:\Users\Bia e Leo\.m2\repository\io\github\openfeign\form\feign-form\3.8.0\feign-form-3.8.0.jar;C:\Users\Bia e Leo\.m2\repository\commons-fileupload\commons-fileupload\1.4\commons-fileupload-1.4.jar;C:\Users\Bia e Leo\.m2\repository\commons-io\commons-io\2.2\commons-io-2.2.jar;C:\Users\Bia e Leo\.m2\repository\org\springframework\cloud\spring-cloud-commons\3.0.3\spring-cloud-commons-3.0.3.jar;C:\Users\Bia e Leo\.m2\repository\org\springframework\security\spring-security-crypto\5.5.2\spring-security-crypto-5.5.2.jar;C:\Users\Bia e Leo\.m2\repository\io\github\openfeign\feign-core\10.12\feign-core-10.12.jar;C:\Users\Bia e Leo\.m2\repository\io\github\openfeign\feign-slf4j\10.12\feign-slf4j-10.12.jar;C:\Users\Bia e Leo\.m2\repository\org\springdoc\springdoc-openapi-ui\1.5.10\springdoc-openapi-ui-1.5.10.jar;C:\Users\Bia e Leo\.m2\repository\org\springdoc\springdoc-openapi-webmvc-core\1.5.10\springdoc-openapi-webmvc-core-1.5.10.jar;C:\Users\Bia e Leo\.m2\repository\org\springdoc\springdoc-openapi-common\1.5.10\springdoc-openapi-common-1.5.10.jar;C:\Users\Bia e Leo\.m2\repository\io\swagger\core\v3\swagger-models\2.1.10\swagger-models-2.1.10.jar;C:\Users\Bia e Leo\.m2\repository\io\swagger\core\v3\swagger-annotations\2.1.10\swagger-annotations-2.1.10.jar;C:\Users\Bia e Leo\.m2\repository\io\swagger\core\v3\swagger-integration\2.1.10\swagger-integration-2.1.10.jar;C:\Users\Bia e Leo\.m2\repository\io\swagger\core\v3\swagger-core\2.1.10\swagger-core-2.1.10.jar;C:\Users\Bia e Leo\.m2\repository\com\fasterxml\jackson\dataformat\jackson-dataformat-yaml\2.12.4\jackson-dataformat-yaml-2.12.4.jar;C:\Users\Bia e Leo\.m2\repository\jakarta\validation\jakarta.validation-api\2.0.2\jakarta.validation-api-2.0.2.jar;C:\Users\Bia e Leo\.m2\repository\io\github\classgraph\classgraph\4.8.69\classgraph-4.8.69.jar;C:\Users\Bia e Leo\.m2\repository\org\apache\commons\commons-lang3\3.12.0\commons-lang3-3.12.0.jar;C:\Users\Bia e Leo\.m2\repository\org\webjars\swagger-ui\3.51.1\swagger-ui-3.51.1.jar;C:\Users\Bia e Leo\.m2\repository\org\webjars\webjars-locator-core\0.46\webjars-locator-core-0.46.jar;C:\Users\Bia e Leo\.m2\repository\com\fasterxml\jackson\core\jackson-core\2.12.4\jackson-core-2.12.4.jar;C:\Users\Bia e Leo\.m2\repository\com\h2database\h2\1.4.200\h2-1.4.200.jar;C:\Users\Bia e Leo\.m2\repository\jakarta\xml\bind\jakarta.xml.bind-api\2.3.3\jakarta.xml.bind-api-2.3.3.jar;C:\Users\Bia e Leo\.m2\repository\jakarta\activation\jakarta.activation-api\1.2.2\jakarta.activation-api-1.2.2.jar;C:\Users\Bia e Leo\.m2\repository\org\springframework\spring-core\5.3.9\spring-core-5.3.9.jar;C:\Users\Bia e Leo\.m2\repository\org\springframework\spring-jcl\5.3.9\spring-jcl-5.3.9.jar;C:\Program Files\JetBrains\IntelliJ IDEA Community Edition 2024.1.4\lib\idea_rt.jar
Launcher Type: SUN_STANDARD

[Global flags]
     intx CICompilerCount                          = 3                                         {product} {ergonomic}
     uint ConcGCThreads                            = 1                                         {product} {ergonomic}
     uint G1ConcRefinementThreads                  = 4                                         {product} {ergonomic}
   size_t G1HeapRegionSize                         = 1048576                                   {product} {ergonomic}
   size_t InitialHeapSize                          = 132120576                                 {product} {ergonomic}
   size_t MarkStackSize                            = 4194304                                   {product} {ergonomic}
   size_t MaxHeapSize                              = 2107637760                                {product} {ergonomic}
   size_t MaxNewSize                               = 1264582656                                {product} {ergonomic}
   size_t MinHeapDeltaBytes                        = 1048576                                   {product} {ergonomic}
   size_t MinHeapSize                              = 8388608                                   {product} {ergonomic}
    uintx NonNMethodCodeHeapSize                   = 5832780                                {pd product} {ergonomic}
    uintx NonProfiledCodeHeapSize                  = 122912730                              {pd product} {ergonomic}
    uintx ProfiledCodeHeapSize                     = 122912730                              {pd product} {ergonomic}
    uintx ReservedCodeCacheSize                    = 251658240                              {pd product} {ergonomic}
     bool SegmentedCodeCache                       = true                                      {product} {ergonomic}
   size_t SoftMaxHeapSize                          = 2107637760                             {manageable} {ergonomic}
     bool UseCompressedOops                        = true                           {product lp64_product} {ergonomic}
     bool UseG1GC                                  = true                                      {product} {ergonomic}
     bool UseLargePagesIndividualAllocation        = false                                  {pd product} {ergonomic}

Logging:
Log output configuration:
 #0: stdout all=warning uptime,level,tags foldmultilines=false
 #1: stderr all=off uptime,level,tags foldmultilines=false

Environment Variables:
JAVA_HOME=C:\Program Files\OpenJDK\openjdk-11.0.12_7
PATH=C:\Program Files (x86)\Common Files\Oracle\Java\javapath;C:\Program Files (x86)\Common Files\Intel\Shared Libraries\redist\intel64\compiler;C:\WINDOWS\system32;C:\WINDOWS;C:\WINDOWS\System32\Wbem;C:\WINDOWS\System32\WindowsPowerShell\v1.0\;C:\WINDOWS\System32\OpenSSH\;C:\Program Files\Microsoft SQL Server\130\Tools\Binn\;C:\Program Files\Microsoft SQL Server\Client SDK\ODBC\170\Tools\Binn\;C:\Program Files\dotnet\;C:\Program Files\Common Files\Autodesk Shared\;C:\Program Files\Git\cmd;C:\Program Files (x86)\Microsoft SQL Server\150\DTS\Binn\;C:\Program Files (x86)\Microsoft SQL Server\150\Tools\Binn\;C:\Program Files\Microsoft SQL Server\150\Tools\Binn\;C:\Program Files\Microsoft SQL Server\150\DTS\Binn\;C:\ProgramData\chocolatey\bin;C:\Program Files\OpenJDK\openjdk-11.0.12_7\bin;C:\ProgramData\ComposerSetup\bin;C:\wamp64\bin\php\php8.2.0;C:\Windows\System32;C:\Program Files\Docker\Docker\resources\bin;C:\Users\Bia e Leo\AppData\Roaming\nvm;C:\Program Files\nodejs;C:\Program Files\MongoDB\Server\5.0\bin;C:\Program Files\MySQL\MySQL Server 8.0\bin;C:\Users\Bia e Leo\AppData\Roaming\Composer\vendor\bin;C:\Users\Bia e Leo\AppData\Local\Microsoft\WindowsApps;C:\Users\Bia e Leo\AppData\Local\Programs\Microsoft VS Code\bin;C:\Users\Bia e Leo\.dotnet\tools;C:\Users\Bia e Leo\AppData\Local\Microsoft\WinGet\Links;C:\Users\Bia e Leo\AppData\Roaming\npm;C:\Users\Bia e Leo\AppData\Roaming\nvm;C:\Program Files\nodejs;C:\Program Files\JetBrains\IntelliJ IDEA Community Edition 2024.1.4\bin;
USERNAME=Bia_e_Leo
OS=Windows_NT
PROCESSOR_IDENTIFIER=Intel64 Family 6 Model 158 Stepping 10, GenuineIntel
TMP=C:\Users\BIAELE~1\AppData\Local\Temp
TEMP=C:\Users\BIAELE~1\AppData\Local\Temp




Periodic native trim disabled

---------------  S Y S T E M  ---------------

OS:
 Windows 10 , 64 bit Build 19041 (10.0.19041.4597)
OS uptime: 0 days 5:38 hours
Hyper-V role detected

CPU: total 4 (initial active 4) (2 cores per cpu, 2 threads per core) family 6 model 158 stepping 10 microcode 0xb4, cx8, cmov, fxsr, ht, mmx, 3dnowpref, sse, sse2, sse3, ssse3, sse4.1, sse4.2, popcnt, lzcnt, tsc, tscinvbit, aes, erms, clmul, clflush, clflushopt, hv, rdtscp
Processor Information for all 4 processors :
  Max Mhz: 3696, Current Mhz: 3696, Mhz Limit: 3696

Memory: 4k page, system-wide physical 8038M (374M free)
TotalPageFile size 8038M (AvailPageFile size 5M)
current process WorkingSet (physical memory assigned to process): 155M, peak: 155M
current process commit charge ("private bytes"): 257M, peak: 258M

vm_info: OpenJDK 64-Bit Server VM (22.0.1+8-16) for windows-amd64 JRE (22.0.1+8-16), built on 2024-03-12T10:33:16Z by "mach5one" with MS VC++ 17.6 (VS2022)

END.
