#
# There is insufficient memory for the Java Runtime Environment to continue.
# Native memory allocation (malloc) failed to allocate 1452976 bytes. Error detail: Chunk::new
# Possible reasons:
#   The system is out of physical RAM or swap space
#   This process is running with CompressedOops enabled, and the Java Heap may be blocking the growth of the native heap
# Possible solutions:
#   Reduce memory load on the system
#   Increase physical memory or swap space
#   Check if swap backing store is full
#   Decrease Java heap size (-Xmx/-Xms)
#   Decrease number of Java threads
#   Decrease Java thread stack sizes (-Xss)
#   Set larger code cache with -XX:ReservedCodeCacheSize=
#   JVM is running with Unscaled Compressed Oops mode in which the Java heap is
#     placed in the first 4GB address space. The Java Heap base address is the
#     maximum limit for the native heap growth. Please use -XX:HeapBaseMinAddress
#     to set the Java Heap base and to place the Java Heap above 4GB virtual address.
# This output file may be truncated or incomplete.
#
#  Out of Memory Error (arena.cpp:191), pid=6520, tid=5080
#
# JRE version: OpenJDK Runtime Environment Corretto-17.0.12.7.1 (17.0.12+7) (build 17.0.12+7-LTS)
# Java VM: OpenJDK 64-Bit Server VM Corretto-17.0.12.7.1 (17.0.12+7-LTS, mixed mode, sharing, tiered, compressed oops, compressed class ptrs, g1 gc, windows-amd64)
# No core dump will be written. Minidumps are not enabled by default on client versions of Windows
#

---------------  S U M M A R Y ------------

Command Line: -javaagent:C:\Program Files\JetBrains\IntelliJ IDEA Community Edition 2024.1.4\lib\idea_rt.jar=53618:C:\Program Files\JetBrains\IntelliJ IDEA Community Edition 2024.1.4\bin -Dfile.encoding=UTF-8 one.digitalinnovation.gof.Application

Host: Intel(R) Pentium(R) Gold G5400 CPU @ 3.70GHz, 4 cores, 7G,  Windows 10 , 64 bit Build 19041 (10.0.19041.4597)
Time: Wed Jul 24 11:29:50 2024 Hora oficial do Brasil elapsed time: 41.544126 seconds (0d 0h 0m 41s)

---------------  T H R E A D  ---------------

Current thread (0x0000028dd4c0cf40):  JavaThread "C2 CompilerThread0" daemon [_thread_in_native, id=5080, stack(0x000000ac34700000,0x000000ac34800000)]


Current CompileTask:
C2:  41544 5206   !   4       nonapi.io.github.classgraph.fastzipfilereader.LogicalZipFile::readCentralDirectory (3097 bytes)

Stack: [0x000000ac34700000,0x000000ac34800000]
Native frames: (J=compiled Java code, j=interpreted, Vv=VM code, C=native code)
V  [jvm.dll+0x67f4f9]
V  [jvm.dll+0x836eaa]
V  [jvm.dll+0x83896e]
V  [jvm.dll+0x838fd3]
V  [jvm.dll+0x247f6f]
V  [jvm.dll+0xac9d4]
V  [jvm.dll+0xad01c]
V  [jvm.dll+0x367042]
V  [jvm.dll+0x33156a]
V  [jvm.dll+0x330a0a]
V  [jvm.dll+0x21a501]
V  [jvm.dll+0x219941]
V  [jvm.dll+0x1a57bd]
V  [jvm.dll+0x22966d]
V  [jvm.dll+0x22781c]
V  [jvm.dll+0x7ebec7]
V  [jvm.dll+0x7e62ac]
V  [jvm.dll+0x67e3c7]
C  [ucrtbase.dll+0x21bb2]
C  [KERNEL32.DLL+0x17374]
C  [ntdll.dll+0x4cc91]


---------------  P R O C E S S  ---------------

Threads class SMR info:
_java_thread_list=0x0000028e1b3182b0, length=17, elements={
0x0000028db71702f0, 0x0000028dd4bf0bc0, 0x0000028dd4bf21e0, 0x0000028dd4c02760,
0x0000028dd4c05230, 0x0000028dd4c073a0, 0x0000028dd4c08500, 0x0000028dd4c0cf40,
0x0000028dd4c121a0, 0x0000028dd4c16e50, 0x0000028e1a09a5b0, 0x0000028e1a589810,
0x0000028e1a589cf0, 0x0000028e1c2f4010, 0x0000028e1b017e40, 0x0000028e1b017930,
0x0000028e1b015fe0
}

Java Threads: ( => current thread )
  0x0000028db71702f0 JavaThread "main" [_thread_in_Java, id=13220, stack(0x000000ac33a00000,0x000000ac33b00000)]
  0x0000028dd4bf0bc0 JavaThread "Reference Handler" daemon [_thread_blocked, id=5564, stack(0x000000ac34100000,0x000000ac34200000)]
  0x0000028dd4bf21e0 JavaThread "Finalizer" daemon [_thread_blocked, id=2100, stack(0x000000ac34200000,0x000000ac34300000)]
  0x0000028dd4c02760 JavaThread "Signal Dispatcher" daemon [_thread_blocked, id=3364, stack(0x000000ac34300000,0x000000ac34400000)]
  0x0000028dd4c05230 JavaThread "Attach Listener" daemon [_thread_blocked, id=9692, stack(0x000000ac34400000,0x000000ac34500000)]
  0x0000028dd4c073a0 JavaThread "Service Thread" daemon [_thread_blocked, id=1572, stack(0x000000ac34500000,0x000000ac34600000)]
  0x0000028dd4c08500 JavaThread "Monitor Deflation Thread" daemon [_thread_blocked, id=11432, stack(0x000000ac34600000,0x000000ac34700000)]
=>0x0000028dd4c0cf40 JavaThread "C2 CompilerThread0" daemon [_thread_in_native, id=5080, stack(0x000000ac34700000,0x000000ac34800000)]
  0x0000028dd4c121a0 JavaThread "C1 CompilerThread0" daemon [_thread_blocked, id=7764, stack(0x000000ac34800000,0x000000ac34900000)]
  0x0000028dd4c16e50 JavaThread "Sweeper thread" daemon [_thread_blocked, id=12084, stack(0x000000ac34900000,0x000000ac34a00000)]
  0x0000028e1a09a5b0 JavaThread "Common-Cleaner" daemon [_thread_blocked, id=3392, stack(0x000000ac34a00000,0x000000ac34b00000)]
  0x0000028e1a589810 JavaThread "Monitor Ctrl-Break" daemon [_thread_in_native, id=10552, stack(0x000000ac34d00000,0x000000ac34e00000)]
  0x0000028e1a589cf0 JavaThread "Notification Thread" daemon [_thread_blocked, id=8884, stack(0x000000ac34e00000,0x000000ac34f00000)]
  0x0000028e1c2f4010 JavaThread "HikariPool-1 housekeeper" daemon [_thread_blocked, id=5460, stack(0x000000ac34b00000,0x000000ac34c00000)]
  0x0000028e1b017e40 JavaThread "Catalina-utility-1" [_thread_blocked, id=10944, stack(0x000000ac35400000,0x000000ac35500000)]
  0x0000028e1b017930 JavaThread "Catalina-utility-2" [_thread_blocked, id=1628, stack(0x000000ac35500000,0x000000ac35600000)]
  0x0000028e1b015fe0 JavaThread "container-0" [_thread_blocked, id=11164, stack(0x000000ac35600000,0x000000ac35700000)]

Other Threads:
  0x0000028dd4be8b40 VMThread "VM Thread" [stack: 0x000000ac34000000,0x000000ac34100000] [id=10356]
  0x0000028e1a177f20 WatcherThread [stack: 0x000000ac34f00000,0x000000ac35000000] [id=2260]
  0x0000028db71c85d0 GCTaskThread "GC Thread#0" [stack: 0x000000ac33b00000,0x000000ac33c00000] [id=9660]
  0x0000028e1a9f3a20 GCTaskThread "GC Thread#1" [stack: 0x000000ac34c00000,0x000000ac34d00000] [id=576]
  0x0000028e1abe5d30 GCTaskThread "GC Thread#2" [stack: 0x000000ac35000000,0x000000ac35100000] [id=3532]
  0x0000028e1abf3040 GCTaskThread "GC Thread#3" [stack: 0x000000ac35100000,0x000000ac35200000] [id=6688]
  0x0000028db71d98d0 ConcurrentGCThread "G1 Main Marker" [stack: 0x000000ac33c00000,0x000000ac33d00000] [id=11172]
  0x0000028db71da2f0 ConcurrentGCThread "G1 Conc#0" [stack: 0x000000ac33d00000,0x000000ac33e00000] [id=1456]
  0x0000028db721d890 ConcurrentGCThread "G1 Refine#0" [stack: 0x000000ac33e00000,0x000000ac33f00000] [id=9304]
  0x0000028e1a707c20 ConcurrentGCThread "G1 Refine#1" [stack: 0x000000ac35200000,0x000000ac35300000] [id=3024]
  0x0000028dd4aa34d0 ConcurrentGCThread "G1 Service" [stack: 0x000000ac33f00000,0x000000ac34000000] [id=3308]

Threads with active compile tasks:
C2 CompilerThread0    41611 5206   !   4       nonapi.io.github.classgraph.fastzipfilereader.LogicalZipFile::readCentralDirectory (3097 bytes)

VM state: not at safepoint (normal execution)

VM Mutex/Monitor currently owned by a thread: None

Heap address: 0x0000000082600000, size: 2010 MB, Compressed Oops mode: 32-bit

CDS archive(s) mapped at: [0x0000028dd5000000-0x0000028dd5bb0000-0x0000028dd5bb0000), size 12255232, SharedBaseAddress: 0x0000028dd5000000, ArchiveRelocationMode: 1.
Compressed class space mapped at: 0x0000028dd6000000-0x0000028e16000000, reserved size: 1073741824
Narrow klass base: 0x0000028dd5000000, Narrow klass shift: 0, Narrow klass range: 0x100000000

GC Precious Log:
 CPUs: 4 total, 4 available
 Memory: 8038M
 Large Page Support: Disabled
 NUMA Support: Disabled
 Compressed Oops: Enabled (32-bit)
 Heap Region Size: 1M
 Heap Min Capacity: 8M
 Heap Initial Capacity: 126M
 Heap Max Capacity: 2010M
 Pre-touch: Disabled
 Parallel Workers: 4
 Concurrent Workers: 1
 Concurrent Refinement Workers: 4
 Periodic GC: Disabled

Heap:
 garbage-first heap   total 256000K, used 55070K [0x0000000082600000, 0x0000000100000000)
  region size 1024K, 14 young (14336K), 1 survivors (1024K)
 Metaspace       used 54160K, committed 54528K, reserved 1114112K
  class space    used 7212K, committed 7360K, reserved 1048576K

Heap Regions: E=young(eden), S=young(survivor), O=old, HS=humongous(starts), HC=humongous(continues), CS=collection set, F=free, OA=open archive, CA=closed archive, TAMS=top-at-mark-start (previous, next)
|   0|0x0000000082600000, 0x0000000082700000, 0x0000000082700000|100%|HS|  |TAMS 0x0000000082700000, 0x0000000082600000| Complete 
|   1|0x0000000082700000, 0x0000000082800000, 0x0000000082800000|100%| O|  |TAMS 0x0000000082800000, 0x0000000082700000| Untracked 
|   2|0x0000000082800000, 0x0000000082900000, 0x0000000082900000|100%| O|  |TAMS 0x0000000082900000, 0x0000000082800000| Untracked 
|   3|0x0000000082900000, 0x0000000082a00000, 0x0000000082a00000|100%| O|  |TAMS 0x0000000082a00000, 0x0000000082900000| Untracked 
|   4|0x0000000082a00000, 0x0000000082b00000, 0x0000000082b00000|100%| O|  |TAMS 0x0000000082b00000, 0x0000000082a00000| Untracked 
|   5|0x0000000082b00000, 0x0000000082c00000, 0x0000000082c00000|100%| O|  |TAMS 0x0000000082c00000, 0x0000000082b00000| Untracked 
|   6|0x0000000082c00000, 0x0000000082d00000, 0x0000000082d00000|100%| O|  |TAMS 0x0000000082d00000, 0x0000000082c00000| Untracked 
|   7|0x0000000082d00000, 0x0000000082e00000, 0x0000000082e00000|100%| O|  |TAMS 0x0000000082e00000, 0x0000000082d00000| Untracked 
|   8|0x0000000082e00000, 0x0000000082f00000, 0x0000000082f00000|100%| O|  |TAMS 0x0000000082f00000, 0x0000000082e00000| Untracked 
|   9|0x0000000082f00000, 0x0000000083000000, 0x0000000083000000|100%| O|  |TAMS 0x0000000083000000, 0x0000000082f00000| Untracked 
|  10|0x0000000083000000, 0x0000000083100000, 0x0000000083100000|100%| O|  |TAMS 0x0000000083100000, 0x0000000083000000| Untracked 
|  11|0x0000000083100000, 0x0000000083200000, 0x0000000083200000|100%| O|  |TAMS 0x0000000083200000, 0x0000000083100000| Untracked 
|  12|0x0000000083200000, 0x0000000083300000, 0x0000000083300000|100%| O|  |TAMS 0x0000000083300000, 0x0000000083200000| Untracked 
|  13|0x0000000083300000, 0x0000000083400000, 0x0000000083400000|100%| O|  |TAMS 0x0000000083400000, 0x0000000083300000| Untracked 
|  14|0x0000000083400000, 0x0000000083500000, 0x0000000083500000|100%| O|  |TAMS 0x0000000083500000, 0x0000000083400000| Untracked 
|  15|0x0000000083500000, 0x0000000083600000, 0x0000000083600000|100%| O|  |TAMS 0x0000000083600000, 0x0000000083500000| Untracked 
|  16|0x0000000083600000, 0x0000000083700000, 0x0000000083700000|100%| O|  |TAMS 0x0000000083700000, 0x0000000083600000| Untracked 
|  17|0x0000000083700000, 0x0000000083800000, 0x0000000083800000|100%| O|  |TAMS 0x0000000083800000, 0x0000000083700000| Untracked 
|  18|0x0000000083800000, 0x0000000083900000, 0x0000000083900000|100%| O|  |TAMS 0x0000000083900000, 0x0000000083800000| Untracked 
|  19|0x0000000083900000, 0x0000000083a00000, 0x0000000083a00000|100%| O|  |TAMS 0x0000000083a00000, 0x0000000083900000| Untracked 
|  20|0x0000000083a00000, 0x0000000083b00000, 0x0000000083b00000|100%| O|  |TAMS 0x0000000083b00000, 0x0000000083a00000| Untracked 
|  21|0x0000000083b00000, 0x0000000083c00000, 0x0000000083c00000|100%| O|  |TAMS 0x0000000083c00000, 0x0000000083b00000| Untracked 
|  22|0x0000000083c00000, 0x0000000083d00000, 0x0000000083d00000|100%| O|  |TAMS 0x0000000083d00000, 0x0000000083c00000| Untracked 
|  23|0x0000000083d00000, 0x0000000083e00000, 0x0000000083e00000|100%| O|  |TAMS 0x0000000083e00000, 0x0000000083d00000| Untracked 
|  24|0x0000000083e00000, 0x0000000083f00000, 0x0000000083f00000|100%| O|  |TAMS 0x0000000083f00000, 0x0000000083e00000| Untracked 
|  25|0x0000000083f00000, 0x0000000084000000, 0x0000000084000000|100%| O|  |TAMS 0x0000000083f00000, 0x0000000083f00000| Untracked 
|  26|0x0000000084000000, 0x0000000084000000, 0x0000000084100000|  0%| F|  |TAMS 0x0000000084000000, 0x0000000084000000| Untracked 
|  27|0x0000000084100000, 0x0000000084100000, 0x0000000084200000|  0%| F|  |TAMS 0x0000000084100000, 0x0000000084100000| Untracked 
|  28|0x0000000084200000, 0x0000000084300000, 0x0000000084300000|100%| O|  |TAMS 0x0000000084300000, 0x0000000084200000| Untracked 
|  29|0x0000000084300000, 0x0000000084400000, 0x0000000084400000|100%| O|  |TAMS 0x0000000084400000, 0x0000000084300000| Untracked 
|  30|0x0000000084400000, 0x0000000084500000, 0x0000000084500000|100%| O|  |TAMS 0x0000000084500000, 0x0000000084400000| Untracked 
|  31|0x0000000084500000, 0x0000000084500000, 0x0000000084600000|  0%| F|  |TAMS 0x0000000084500000, 0x0000000084500000| Untracked 
|  32|0x0000000084600000, 0x0000000084700000, 0x0000000084700000|100%| O|  |TAMS 0x0000000084600000, 0x0000000084600000| Untracked 
|  33|0x0000000084700000, 0x0000000084700000, 0x0000000084800000|  0%| F|  |TAMS 0x0000000084700000, 0x0000000084700000| Untracked 
|  34|0x0000000084800000, 0x0000000084900000, 0x0000000084900000|100%| O|  |TAMS 0x0000000084900000, 0x0000000084800000| Untracked 
|  35|0x0000000084900000, 0x0000000084900000, 0x0000000084a00000|  0%| F|  |TAMS 0x0000000084900000, 0x0000000084900000| Untracked 
|  36|0x0000000084a00000, 0x0000000084b00000, 0x0000000084b00000|100%| O|  |TAMS 0x0000000084a3d400, 0x0000000084a00000| Untracked 
|  37|0x0000000084b00000, 0x0000000084c00000, 0x0000000084c00000|100%| O|  |TAMS 0x0000000084b00000, 0x0000000084b00000| Untracked 
|  38|0x0000000084c00000, 0x0000000084d00000, 0x0000000084d00000|100%| O|  |TAMS 0x0000000084c00000, 0x0000000084c00000| Untracked 
|  39|0x0000000084d00000, 0x0000000084e00000, 0x0000000084e00000|100%| O|  |TAMS 0x0000000084d00000, 0x0000000084d00000| Untracked 
|  40|0x0000000084e00000, 0x0000000084f00000, 0x0000000084f00000|100%| O|  |TAMS 0x0000000084e00000, 0x0000000084e00000| Untracked 
|  41|0x0000000084f00000, 0x0000000085000000, 0x0000000085000000|100%| O|  |TAMS 0x0000000084f00000, 0x0000000084f00000| Untracked 
|  42|0x0000000085000000, 0x0000000085100000, 0x0000000085100000|100%| O|  |TAMS 0x0000000085000000, 0x0000000085000000| Untracked 
|  43|0x0000000085100000, 0x0000000085200000, 0x0000000085200000|100%| O|  |TAMS 0x0000000085100000, 0x0000000085100000| Untracked 
|  44|0x0000000085200000, 0x0000000085300000, 0x0000000085300000|100%| O|  |TAMS 0x0000000085200000, 0x0000000085200000| Untracked 
|  45|0x0000000085300000, 0x0000000085400000, 0x0000000085400000|100%| O|  |TAMS 0x0000000085300000, 0x0000000085300000| Untracked 
|  46|0x0000000085400000, 0x0000000085459400, 0x0000000085500000| 34%| O|  |TAMS 0x0000000085400000, 0x0000000085400000| Untracked 
|  47|0x0000000085500000, 0x0000000085500000, 0x0000000085600000|  0%| F|  |TAMS 0x0000000085500000, 0x0000000085500000| Untracked 
|  48|0x0000000085600000, 0x0000000085600000, 0x0000000085700000|  0%| F|  |TAMS 0x0000000085600000, 0x0000000085600000| Untracked 
|  49|0x0000000085700000, 0x0000000085700000, 0x0000000085800000|  0%| F|  |TAMS 0x0000000085700000, 0x0000000085700000| Untracked 
|  50|0x0000000085800000, 0x0000000085800000, 0x0000000085900000|  0%| F|  |TAMS 0x0000000085800000, 0x0000000085800000| Untracked 
|  51|0x0000000085900000, 0x0000000085900000, 0x0000000085a00000|  0%| F|  |TAMS 0x0000000085900000, 0x0000000085900000| Untracked 
|  52|0x0000000085a00000, 0x0000000085a00000, 0x0000000085b00000|  0%| F|  |TAMS 0x0000000085a00000, 0x0000000085a00000| Untracked 
|  53|0x0000000085b00000, 0x0000000085b00000, 0x0000000085c00000|  0%| F|  |TAMS 0x0000000085b00000, 0x0000000085b00000| Untracked 
|  54|0x0000000085c00000, 0x0000000085c00000, 0x0000000085d00000|  0%| F|  |TAMS 0x0000000085c00000, 0x0000000085c00000| Untracked 
|  55|0x0000000085d00000, 0x0000000085d00000, 0x0000000085e00000|  0%| F|  |TAMS 0x0000000085d00000, 0x0000000085d00000| Untracked 
|  56|0x0000000085e00000, 0x0000000085e00000, 0x0000000085f00000|  0%| F|  |TAMS 0x0000000085e00000, 0x0000000085e00000| Untracked 
|  57|0x0000000085f00000, 0x0000000085f00000, 0x0000000086000000|  0%| F|  |TAMS 0x0000000085f00000, 0x0000000085f00000| Untracked 
|  58|0x0000000086000000, 0x0000000086000000, 0x0000000086100000|  0%| F|  |TAMS 0x0000000086000000, 0x0000000086000000| Untracked 
|  59|0x0000000086100000, 0x0000000086100000, 0x0000000086200000|  0%| F|  |TAMS 0x0000000086100000, 0x0000000086100000| Untracked 
|  60|0x0000000086200000, 0x0000000086200000, 0x0000000086300000|  0%| F|  |TAMS 0x0000000086200000, 0x0000000086200000| Untracked 
|  61|0x0000000086300000, 0x0000000086300000, 0x0000000086400000|  0%| F|  |TAMS 0x0000000086300000, 0x0000000086300000| Untracked 
|  62|0x0000000086400000, 0x0000000086400000, 0x0000000086500000|  0%| F|  |TAMS 0x0000000086400000, 0x0000000086400000| Untracked 
|  63|0x0000000086500000, 0x0000000086500000, 0x0000000086600000|  0%| F|  |TAMS 0x0000000086500000, 0x0000000086500000| Untracked 
|  64|0x0000000086600000, 0x0000000086600000, 0x0000000086700000|  0%| F|  |TAMS 0x0000000086600000, 0x0000000086600000| Untracked 
|  65|0x0000000086700000, 0x0000000086700000, 0x0000000086800000|  0%| F|  |TAMS 0x0000000086700000, 0x0000000086700000| Untracked 
|  66|0x0000000086800000, 0x0000000086800000, 0x0000000086900000|  0%| F|  |TAMS 0x0000000086800000, 0x0000000086800000| Untracked 
|  67|0x0000000086900000, 0x0000000086900000, 0x0000000086a00000|  0%| F|  |TAMS 0x0000000086900000, 0x0000000086900000| Untracked 
|  68|0x0000000086a00000, 0x0000000086a00000, 0x0000000086b00000|  0%| F|  |TAMS 0x0000000086a00000, 0x0000000086a00000| Untracked 
|  69|0x0000000086b00000, 0x0000000086b00000, 0x0000000086c00000|  0%| F|  |TAMS 0x0000000086b00000, 0x0000000086b00000| Untracked 
|  70|0x0000000086c00000, 0x0000000086c00000, 0x0000000086d00000|  0%| F|  |TAMS 0x0000000086c00000, 0x0000000086c00000| Untracked 
|  71|0x0000000086d00000, 0x0000000086d00000, 0x0000000086e00000|  0%| F|  |TAMS 0x0000000086d00000, 0x0000000086d00000| Untracked 
|  72|0x0000000086e00000, 0x0000000086e00000, 0x0000000086f00000|  0%| F|  |TAMS 0x0000000086e00000, 0x0000000086e00000| Untracked 
|  73|0x0000000086f00000, 0x0000000086f00000, 0x0000000087000000|  0%| F|  |TAMS 0x0000000086f00000, 0x0000000086f00000| Untracked 
|  74|0x0000000087000000, 0x0000000087000000, 0x0000000087100000|  0%| F|  |TAMS 0x0000000087000000, 0x0000000087000000| Untracked 
|  75|0x0000000087100000, 0x0000000087100000, 0x0000000087200000|  0%| F|  |TAMS 0x0000000087100000, 0x0000000087100000| Untracked 
|  76|0x0000000087200000, 0x0000000087200000, 0x0000000087300000|  0%| F|  |TAMS 0x0000000087200000, 0x0000000087200000| Untracked 
|  77|0x0000000087300000, 0x0000000087300000, 0x0000000087400000|  0%| F|  |TAMS 0x0000000087300000, 0x0000000087300000| Untracked 
|  78|0x0000000087400000, 0x0000000087400000, 0x0000000087500000|  0%| F|  |TAMS 0x0000000087400000, 0x0000000087400000| Untracked 
|  79|0x0000000087500000, 0x0000000087500000, 0x0000000087600000|  0%| F|  |TAMS 0x0000000087500000, 0x0000000087500000| Untracked 
|  80|0x0000000087600000, 0x0000000087600000, 0x0000000087700000|  0%| F|  |TAMS 0x0000000087600000, 0x0000000087600000| Untracked 
|  81|0x0000000087700000, 0x0000000087700000, 0x0000000087800000|  0%| F|  |TAMS 0x0000000087700000, 0x0000000087700000| Untracked 
|  82|0x0000000087800000, 0x0000000087800000, 0x0000000087900000|  0%| F|  |TAMS 0x0000000087800000, 0x0000000087800000| Untracked 
|  83|0x0000000087900000, 0x0000000087900000, 0x0000000087a00000|  0%| F|  |TAMS 0x0000000087900000, 0x0000000087900000| Untracked 
|  84|0x0000000087a00000, 0x0000000087a00000, 0x0000000087b00000|  0%| F|  |TAMS 0x0000000087a00000, 0x0000000087a00000| Untracked 
|  85|0x0000000087b00000, 0x0000000087b00000, 0x0000000087c00000|  0%| F|  |TAMS 0x0000000087b00000, 0x0000000087b00000| Untracked 
|  86|0x0000000087c00000, 0x0000000087c00000, 0x0000000087d00000|  0%| F|  |TAMS 0x0000000087c00000, 0x0000000087c00000| Untracked 
|  87|0x0000000087d00000, 0x0000000087d00000, 0x0000000087e00000|  0%| F|  |TAMS 0x0000000087d00000, 0x0000000087d00000| Untracked 
|  88|0x0000000087e00000, 0x0000000087e6e538, 0x0000000087f00000| 43%| S|CS|TAMS 0x0000000087e00000, 0x0000000087e00000| Complete 
|  89|0x0000000087f00000, 0x0000000087f00000, 0x0000000088000000|  0%| F|  |TAMS 0x0000000087f00000, 0x0000000087f00000| Untracked 
|  90|0x0000000088000000, 0x0000000088000000, 0x0000000088100000|  0%| F|  |TAMS 0x0000000088000000, 0x0000000088000000| Untracked 
|  91|0x0000000088100000, 0x0000000088100000, 0x0000000088200000|  0%| F|  |TAMS 0x0000000088100000, 0x0000000088100000| Untracked 
|  92|0x0000000088200000, 0x0000000088200000, 0x0000000088300000|  0%| F|  |TAMS 0x0000000088200000, 0x0000000088200000| Untracked 
|  93|0x0000000088300000, 0x0000000088300000, 0x0000000088400000|  0%| F|  |TAMS 0x0000000088300000, 0x0000000088300000| Untracked 
|  94|0x0000000088400000, 0x0000000088400000, 0x0000000088500000|  0%| F|  |TAMS 0x0000000088400000, 0x0000000088400000| Untracked 
|  95|0x0000000088500000, 0x0000000088500000, 0x0000000088600000|  0%| F|  |TAMS 0x0000000088500000, 0x0000000088500000| Untracked 
|  96|0x0000000088600000, 0x0000000088600000, 0x0000000088700000|  0%| F|  |TAMS 0x0000000088600000, 0x0000000088600000| Untracked 
|  97|0x0000000088700000, 0x0000000088700000, 0x0000000088800000|  0%| F|  |TAMS 0x0000000088700000, 0x0000000088700000| Untracked 
|  98|0x0000000088800000, 0x0000000088800000, 0x0000000088900000|  0%| F|  |TAMS 0x0000000088800000, 0x0000000088800000| Untracked 
|  99|0x0000000088900000, 0x0000000088900000, 0x0000000088a00000|  0%| F|  |TAMS 0x0000000088900000, 0x0000000088900000| Untracked 
| 100|0x0000000088a00000, 0x0000000088a00000, 0x0000000088b00000|  0%| F|  |TAMS 0x0000000088a00000, 0x0000000088a00000| Untracked 
| 101|0x0000000088b00000, 0x0000000088b00000, 0x0000000088c00000|  0%| F|  |TAMS 0x0000000088b00000, 0x0000000088b00000| Untracked 
| 102|0x0000000088c00000, 0x0000000088c00000, 0x0000000088d00000|  0%| F|  |TAMS 0x0000000088c00000, 0x0000000088c00000| Untracked 
| 103|0x0000000088d00000, 0x0000000088d00000, 0x0000000088e00000|  0%| F|  |TAMS 0x0000000088d00000, 0x0000000088d00000| Untracked 
| 104|0x0000000088e00000, 0x0000000088e00000, 0x0000000088f00000|  0%| F|  |TAMS 0x0000000088e00000, 0x0000000088e00000| Untracked 
| 105|0x0000000088f00000, 0x0000000088f00000, 0x0000000089000000|  0%| F|  |TAMS 0x0000000088f00000, 0x0000000088f00000| Untracked 
| 106|0x0000000089000000, 0x0000000089000000, 0x0000000089100000|  0%| F|  |TAMS 0x0000000089000000, 0x0000000089000000| Untracked 
| 107|0x0000000089100000, 0x0000000089100000, 0x0000000089200000|  0%| F|  |TAMS 0x0000000089100000, 0x0000000089100000| Untracked 
| 108|0x0000000089200000, 0x0000000089200000, 0x0000000089300000|  0%| F|  |TAMS 0x0000000089200000, 0x0000000089200000| Untracked 
| 109|0x0000000089300000, 0x0000000089300000, 0x0000000089400000|  0%| F|  |TAMS 0x0000000089300000, 0x0000000089300000| Untracked 
| 110|0x0000000089400000, 0x0000000089400000, 0x0000000089500000|  0%| F|  |TAMS 0x0000000089400000, 0x0000000089400000| Untracked 
| 111|0x0000000089500000, 0x0000000089500000, 0x0000000089600000|  0%| F|  |TAMS 0x0000000089500000, 0x0000000089500000| Untracked 
| 112|0x0000000089600000, 0x0000000089600000, 0x0000000089700000|  0%| F|  |TAMS 0x0000000089600000, 0x0000000089600000| Untracked 
| 113|0x0000000089700000, 0x0000000089700000, 0x0000000089800000|  0%| F|  |TAMS 0x0000000089700000, 0x0000000089700000| Untracked 
| 114|0x0000000089800000, 0x0000000089800000, 0x0000000089900000|  0%| F|  |TAMS 0x0000000089800000, 0x0000000089800000| Untracked 
| 115|0x0000000089900000, 0x0000000089900000, 0x0000000089a00000|  0%| F|  |TAMS 0x0000000089900000, 0x0000000089900000| Untracked 
| 116|0x0000000089a00000, 0x0000000089a00000, 0x0000000089b00000|  0%| F|  |TAMS 0x0000000089a00000, 0x0000000089a00000| Untracked 
| 117|0x0000000089b00000, 0x0000000089b00000, 0x0000000089c00000|  0%| F|  |TAMS 0x0000000089b00000, 0x0000000089b00000| Untracked 
| 118|0x0000000089c00000, 0x0000000089c00000, 0x0000000089d00000|  0%| F|  |TAMS 0x0000000089c00000, 0x0000000089c00000| Untracked 
| 119|0x0000000089d00000, 0x0000000089d00000, 0x0000000089e00000|  0%| F|  |TAMS 0x0000000089d00000, 0x0000000089d00000| Untracked 
| 120|0x0000000089e00000, 0x0000000089e00000, 0x0000000089f00000|  0%| F|  |TAMS 0x0000000089e00000, 0x0000000089e00000| Untracked 
| 121|0x0000000089f00000, 0x0000000089f00000, 0x000000008a000000|  0%| F|  |TAMS 0x0000000089f00000, 0x0000000089f00000| Untracked 
| 122|0x000000008a000000, 0x000000008a000000, 0x000000008a100000|  0%| F|  |TAMS 0x000000008a000000, 0x000000008a000000| Untracked 
| 123|0x000000008a100000, 0x000000008a100000, 0x000000008a200000|  0%| F|  |TAMS 0x000000008a100000, 0x000000008a100000| Untracked 
| 124|0x000000008a200000, 0x000000008a200000, 0x000000008a300000|  0%| F|  |TAMS 0x000000008a200000, 0x000000008a200000| Untracked 
| 125|0x000000008a300000, 0x000000008a300000, 0x000000008a400000|  0%| F|  |TAMS 0x000000008a300000, 0x000000008a300000| Untracked 
| 126|0x000000008a400000, 0x000000008a400000, 0x000000008a500000|  0%| F|  |TAMS 0x000000008a400000, 0x000000008a400000| Untracked 
| 127|0x000000008a500000, 0x000000008a500000, 0x000000008a600000|  0%| F|  |TAMS 0x000000008a500000, 0x000000008a500000| Untracked 
| 128|0x000000008a600000, 0x000000008a600000, 0x000000008a700000|  0%| F|  |TAMS 0x000000008a600000, 0x000000008a600000| Untracked 
| 129|0x000000008a700000, 0x000000008a700000, 0x000000008a800000|  0%| F|  |TAMS 0x000000008a700000, 0x000000008a700000| Untracked 
| 130|0x000000008a800000, 0x000000008a800000, 0x000000008a900000|  0%| F|  |TAMS 0x000000008a800000, 0x000000008a800000| Untracked 
| 131|0x000000008a900000, 0x000000008a900000, 0x000000008aa00000|  0%| F|  |TAMS 0x000000008a900000, 0x000000008a900000| Untracked 
| 132|0x000000008aa00000, 0x000000008aa00000, 0x000000008ab00000|  0%| F|  |TAMS 0x000000008aa00000, 0x000000008aa00000| Untracked 
| 133|0x000000008ab00000, 0x000000008ab00000, 0x000000008ac00000|  0%| F|  |TAMS 0x000000008ab00000, 0x000000008ab00000| Untracked 
| 134|0x000000008ac00000, 0x000000008ac00000, 0x000000008ad00000|  0%| F|  |TAMS 0x000000008ac00000, 0x000000008ac00000| Untracked 
| 135|0x000000008ad00000, 0x000000008ad00000, 0x000000008ae00000|  0%| F|  |TAMS 0x000000008ad00000, 0x000000008ad00000| Untracked 
| 136|0x000000008ae00000, 0x000000008ae00000, 0x000000008af00000|  0%| F|  |TAMS 0x000000008ae00000, 0x000000008ae00000| Untracked 
| 137|0x000000008af00000, 0x000000008af00000, 0x000000008b000000|  0%| F|  |TAMS 0x000000008af00000, 0x000000008af00000| Untracked 
| 138|0x000000008b000000, 0x000000008b000000, 0x000000008b100000|  0%| F|  |TAMS 0x000000008b000000, 0x000000008b000000| Untracked 
| 139|0x000000008b100000, 0x000000008b100000, 0x000000008b200000|  0%| F|  |TAMS 0x000000008b100000, 0x000000008b100000| Untracked 
| 140|0x000000008b200000, 0x000000008b200000, 0x000000008b300000|  0%| F|  |TAMS 0x000000008b200000, 0x000000008b200000| Untracked 
| 141|0x000000008b300000, 0x000000008b300000, 0x000000008b400000|  0%| F|  |TAMS 0x000000008b300000, 0x000000008b300000| Untracked 
| 142|0x000000008b400000, 0x000000008b400000, 0x000000008b500000|  0%| F|  |TAMS 0x000000008b400000, 0x000000008b400000| Untracked 
| 143|0x000000008b500000, 0x000000008b500000, 0x000000008b600000|  0%| F|  |TAMS 0x000000008b500000, 0x000000008b500000| Untracked 
| 144|0x000000008b600000, 0x000000008b600000, 0x000000008b700000|  0%| F|  |TAMS 0x000000008b600000, 0x000000008b600000| Untracked 
| 145|0x000000008b700000, 0x000000008b700000, 0x000000008b800000|  0%| F|  |TAMS 0x000000008b700000, 0x000000008b700000| Untracked 
| 146|0x000000008b800000, 0x000000008b800000, 0x000000008b900000|  0%| F|  |TAMS 0x000000008b800000, 0x000000008b800000| Untracked 
| 147|0x000000008b900000, 0x000000008b900000, 0x000000008ba00000|  0%| F|  |TAMS 0x000000008b900000, 0x000000008b900000| Untracked 
| 148|0x000000008ba00000, 0x000000008ba00000, 0x000000008bb00000|  0%| F|  |TAMS 0x000000008ba00000, 0x000000008ba00000| Untracked 
| 149|0x000000008bb00000, 0x000000008bb00000, 0x000000008bc00000|  0%| F|  |TAMS 0x000000008bb00000, 0x000000008bb00000| Untracked 
| 150|0x000000008bc00000, 0x000000008bc00000, 0x000000008bd00000|  0%| F|  |TAMS 0x000000008bc00000, 0x000000008bc00000| Untracked 
| 151|0x000000008bd00000, 0x000000008bd00000, 0x000000008be00000|  0%| F|  |TAMS 0x000000008bd00000, 0x000000008bd00000| Untracked 
| 152|0x000000008be00000, 0x000000008be00000, 0x000000008bf00000|  0%| F|  |TAMS 0x000000008be00000, 0x000000008be00000| Untracked 
| 153|0x000000008bf00000, 0x000000008bf00000, 0x000000008c000000|  0%| F|  |TAMS 0x000000008bf00000, 0x000000008bf00000| Untracked 
| 154|0x000000008c000000, 0x000000008c000000, 0x000000008c100000|  0%| F|  |TAMS 0x000000008c000000, 0x000000008c000000| Untracked 
| 155|0x000000008c100000, 0x000000008c100000, 0x000000008c200000|  0%| F|  |TAMS 0x000000008c100000, 0x000000008c100000| Untracked 
| 156|0x000000008c200000, 0x000000008c200000, 0x000000008c300000|  0%| F|  |TAMS 0x000000008c200000, 0x000000008c200000| Untracked 
| 157|0x000000008c300000, 0x000000008c300000, 0x000000008c400000|  0%| F|  |TAMS 0x000000008c300000, 0x000000008c300000| Untracked 
| 158|0x000000008c400000, 0x000000008c400000, 0x000000008c500000|  0%| F|  |TAMS 0x000000008c400000, 0x000000008c400000| Untracked 
| 159|0x000000008c500000, 0x000000008c500000, 0x000000008c600000|  0%| F|  |TAMS 0x000000008c500000, 0x000000008c500000| Untracked 
| 160|0x000000008c600000, 0x000000008c600000, 0x000000008c700000|  0%| F|  |TAMS 0x000000008c600000, 0x000000008c600000| Untracked 
| 161|0x000000008c700000, 0x000000008c700000, 0x000000008c800000|  0%| F|  |TAMS 0x000000008c700000, 0x000000008c700000| Untracked 
| 162|0x000000008c800000, 0x000000008c800000, 0x000000008c900000|  0%| F|  |TAMS 0x000000008c800000, 0x000000008c800000| Untracked 
| 163|0x000000008c900000, 0x000000008c900000, 0x000000008ca00000|  0%| F|  |TAMS 0x000000008c900000, 0x000000008c900000| Untracked 
| 164|0x000000008ca00000, 0x000000008ca00000, 0x000000008cb00000|  0%| F|  |TAMS 0x000000008ca00000, 0x000000008ca00000| Untracked 
| 165|0x000000008cb00000, 0x000000008cb00000, 0x000000008cc00000|  0%| F|  |TAMS 0x000000008cb00000, 0x000000008cb00000| Untracked 
| 166|0x000000008cc00000, 0x000000008cc00000, 0x000000008cd00000|  0%| F|  |TAMS 0x000000008cc00000, 0x000000008cc00000| Untracked 
| 167|0x000000008cd00000, 0x000000008cd00000, 0x000000008ce00000|  0%| F|  |TAMS 0x000000008cd00000, 0x000000008cd00000| Untracked 
| 168|0x000000008ce00000, 0x000000008ce00000, 0x000000008cf00000|  0%| F|  |TAMS 0x000000008ce00000, 0x000000008ce00000| Untracked 
| 169|0x000000008cf00000, 0x000000008cf00000, 0x000000008d000000|  0%| F|  |TAMS 0x000000008cf00000, 0x000000008cf00000| Untracked 
| 170|0x000000008d000000, 0x000000008d000000, 0x000000008d100000|  0%| F|  |TAMS 0x000000008d000000, 0x000000008d000000| Untracked 
| 171|0x000000008d100000, 0x000000008d100000, 0x000000008d200000|  0%| F|  |TAMS 0x000000008d100000, 0x000000008d100000| Untracked 
| 172|0x000000008d200000, 0x000000008d200000, 0x000000008d300000|  0%| F|  |TAMS 0x000000008d200000, 0x000000008d200000| Untracked 
| 173|0x000000008d300000, 0x000000008d300000, 0x000000008d400000|  0%| F|  |TAMS 0x000000008d300000, 0x000000008d300000| Untracked 
| 174|0x000000008d400000, 0x000000008d400000, 0x000000008d500000|  0%| F|  |TAMS 0x000000008d400000, 0x000000008d400000| Untracked 
| 175|0x000000008d500000, 0x000000008d500000, 0x000000008d600000|  0%| F|  |TAMS 0x000000008d500000, 0x000000008d500000| Untracked 
| 176|0x000000008d600000, 0x000000008d600000, 0x000000008d700000|  0%| F|  |TAMS 0x000000008d600000, 0x000000008d600000| Untracked 
| 177|0x000000008d700000, 0x000000008d700000, 0x000000008d800000|  0%| F|  |TAMS 0x000000008d700000, 0x000000008d700000| Untracked 
| 178|0x000000008d800000, 0x000000008d800000, 0x000000008d900000|  0%| F|  |TAMS 0x000000008d800000, 0x000000008d800000| Untracked 
| 179|0x000000008d900000, 0x000000008d900000, 0x000000008da00000|  0%| F|  |TAMS 0x000000008d900000, 0x000000008d900000| Untracked 
| 180|0x000000008da00000, 0x000000008da00000, 0x000000008db00000|  0%| F|  |TAMS 0x000000008da00000, 0x000000008da00000| Untracked 
| 181|0x000000008db00000, 0x000000008db00000, 0x000000008dc00000|  0%| F|  |TAMS 0x000000008db00000, 0x000000008db00000| Untracked 
| 182|0x000000008dc00000, 0x000000008dc00000, 0x000000008dd00000|  0%| F|  |TAMS 0x000000008dc00000, 0x000000008dc00000| Untracked 
| 183|0x000000008dd00000, 0x000000008dd00000, 0x000000008de00000|  0%| F|  |TAMS 0x000000008dd00000, 0x000000008dd00000| Untracked 
| 184|0x000000008de00000, 0x000000008de00000, 0x000000008df00000|  0%| F|  |TAMS 0x000000008de00000, 0x000000008de00000| Untracked 
| 185|0x000000008df00000, 0x000000008df00000, 0x000000008e000000|  0%| F|  |TAMS 0x000000008df00000, 0x000000008df00000| Untracked 
| 186|0x000000008e000000, 0x000000008e000000, 0x000000008e100000|  0%| F|  |TAMS 0x000000008e000000, 0x000000008e000000| Untracked 
| 187|0x000000008e100000, 0x000000008e100000, 0x000000008e200000|  0%| F|  |TAMS 0x000000008e100000, 0x000000008e100000| Untracked 
| 188|0x000000008e200000, 0x000000008e200000, 0x000000008e300000|  0%| F|  |TAMS 0x000000008e200000, 0x000000008e200000| Untracked 
| 189|0x000000008e300000, 0x000000008e300000, 0x000000008e400000|  0%| F|  |TAMS 0x000000008e300000, 0x000000008e300000| Untracked 
| 190|0x000000008e400000, 0x000000008e400000, 0x000000008e500000|  0%| F|  |TAMS 0x000000008e400000, 0x000000008e400000| Untracked 
| 191|0x000000008e500000, 0x000000008e500000, 0x000000008e600000|  0%| F|  |TAMS 0x000000008e500000, 0x000000008e500000| Untracked 
| 192|0x000000008e600000, 0x000000008e600000, 0x000000008e700000|  0%| F|  |TAMS 0x000000008e600000, 0x000000008e600000| Untracked 
| 193|0x000000008e700000, 0x000000008e700000, 0x000000008e800000|  0%| F|  |TAMS 0x000000008e700000, 0x000000008e700000| Untracked 
| 194|0x000000008e800000, 0x000000008e800000, 0x000000008e900000|  0%| F|  |TAMS 0x000000008e800000, 0x000000008e800000| Untracked 
| 195|0x000000008e900000, 0x000000008e900000, 0x000000008ea00000|  0%| F|  |TAMS 0x000000008e900000, 0x000000008e900000| Untracked 
| 196|0x000000008ea00000, 0x000000008ea00000, 0x000000008eb00000|  0%| F|  |TAMS 0x000000008ea00000, 0x000000008ea00000| Untracked 
| 197|0x000000008eb00000, 0x000000008eb00000, 0x000000008ec00000|  0%| F|  |TAMS 0x000000008eb00000, 0x000000008eb00000| Untracked 
| 198|0x000000008ec00000, 0x000000008ec00000, 0x000000008ed00000|  0%| F|  |TAMS 0x000000008ec00000, 0x000000008ec00000| Untracked 
| 199|0x000000008ed00000, 0x000000008ed00000, 0x000000008ee00000|  0%| F|  |TAMS 0x000000008ed00000, 0x000000008ed00000| Untracked 
| 200|0x000000008ee00000, 0x000000008ee00000, 0x000000008ef00000|  0%| F|  |TAMS 0x000000008ee00000, 0x000000008ee00000| Untracked 
| 201|0x000000008ef00000, 0x000000008ef00000, 0x000000008f000000|  0%| F|  |TAMS 0x000000008ef00000, 0x000000008ef00000| Untracked 
| 202|0x000000008f000000, 0x000000008f000000, 0x000000008f100000|  0%| F|  |TAMS 0x000000008f000000, 0x000000008f000000| Untracked 
| 203|0x000000008f100000, 0x000000008f100000, 0x000000008f200000|  0%| F|  |TAMS 0x000000008f100000, 0x000000008f100000| Untracked 
| 204|0x000000008f200000, 0x000000008f200000, 0x000000008f300000|  0%| F|  |TAMS 0x000000008f200000, 0x000000008f200000| Untracked 
| 205|0x000000008f300000, 0x000000008f300000, 0x000000008f400000|  0%| F|  |TAMS 0x000000008f300000, 0x000000008f300000| Untracked 
| 206|0x000000008f400000, 0x000000008f400000, 0x000000008f500000|  0%| F|  |TAMS 0x000000008f400000, 0x000000008f400000| Untracked 
| 207|0x000000008f500000, 0x000000008f500000, 0x000000008f600000|  0%| F|  |TAMS 0x000000008f500000, 0x000000008f500000| Untracked 
| 208|0x000000008f600000, 0x000000008f600000, 0x000000008f700000|  0%| F|  |TAMS 0x000000008f600000, 0x000000008f600000| Untracked 
| 209|0x000000008f700000, 0x000000008f700000, 0x000000008f800000|  0%| F|  |TAMS 0x000000008f700000, 0x000000008f700000| Untracked 
| 210|0x000000008f800000, 0x000000008f800000, 0x000000008f900000|  0%| F|  |TAMS 0x000000008f800000, 0x000000008f800000| Untracked 
| 211|0x000000008f900000, 0x000000008f900000, 0x000000008fa00000|  0%| F|  |TAMS 0x000000008f900000, 0x000000008f900000| Untracked 
| 212|0x000000008fa00000, 0x000000008fa00000, 0x000000008fb00000|  0%| F|  |TAMS 0x000000008fa00000, 0x000000008fa00000| Untracked 
| 213|0x000000008fb00000, 0x000000008fb00000, 0x000000008fc00000|  0%| F|  |TAMS 0x000000008fb00000, 0x000000008fb00000| Untracked 
| 214|0x000000008fc00000, 0x000000008fc00000, 0x000000008fd00000|  0%| F|  |TAMS 0x000000008fc00000, 0x000000008fc00000| Untracked 
| 215|0x000000008fd00000, 0x000000008fd00000, 0x000000008fe00000|  0%| F|  |TAMS 0x000000008fd00000, 0x000000008fd00000| Untracked 
| 216|0x000000008fe00000, 0x000000008fe00000, 0x000000008ff00000|  0%| F|  |TAMS 0x000000008fe00000, 0x000000008fe00000| Untracked 
| 217|0x000000008ff00000, 0x000000008ff00000, 0x0000000090000000|  0%| F|  |TAMS 0x000000008ff00000, 0x000000008ff00000| Untracked 
| 218|0x0000000090000000, 0x0000000090000000, 0x0000000090100000|  0%| F|  |TAMS 0x0000000090000000, 0x0000000090000000| Untracked 
| 219|0x0000000090100000, 0x0000000090100000, 0x0000000090200000|  0%| F|  |TAMS 0x0000000090100000, 0x0000000090100000| Untracked 
| 220|0x0000000090200000, 0x0000000090200000, 0x0000000090300000|  0%| F|  |TAMS 0x0000000090200000, 0x0000000090200000| Untracked 
| 221|0x0000000090300000, 0x0000000090300000, 0x0000000090400000|  0%| F|  |TAMS 0x0000000090300000, 0x0000000090300000| Untracked 
| 222|0x0000000090400000, 0x0000000090400000, 0x0000000090500000|  0%| F|  |TAMS 0x0000000090400000, 0x0000000090400000| Untracked 
| 223|0x0000000090500000, 0x0000000090500000, 0x0000000090600000|  0%| F|  |TAMS 0x0000000090500000, 0x0000000090500000| Untracked 
| 224|0x0000000090600000, 0x0000000090600000, 0x0000000090700000|  0%| F|  |TAMS 0x0000000090600000, 0x0000000090600000| Untracked 
| 225|0x0000000090700000, 0x0000000090700000, 0x0000000090800000|  0%| F|  |TAMS 0x0000000090700000, 0x0000000090700000| Untracked 
| 226|0x0000000090800000, 0x0000000090800000, 0x0000000090900000|  0%| F|  |TAMS 0x0000000090800000, 0x0000000090800000| Untracked 
| 227|0x0000000090900000, 0x0000000090900000, 0x0000000090a00000|  0%| F|  |TAMS 0x0000000090900000, 0x0000000090900000| Untracked 
| 228|0x0000000090a00000, 0x0000000090a00000, 0x0000000090b00000|  0%| F|  |TAMS 0x0000000090a00000, 0x0000000090a00000| Untracked 
| 229|0x0000000090b00000, 0x0000000090b00000, 0x0000000090c00000|  0%| F|  |TAMS 0x0000000090b00000, 0x0000000090b00000| Untracked 
| 230|0x0000000090c00000, 0x0000000090c00000, 0x0000000090d00000|  0%| F|  |TAMS 0x0000000090c00000, 0x0000000090c00000| Untracked 
| 231|0x0000000090d00000, 0x0000000090d00000, 0x0000000090e00000|  0%| F|  |TAMS 0x0000000090d00000, 0x0000000090d00000| Untracked 
| 232|0x0000000090e00000, 0x0000000090e00000, 0x0000000090f00000|  0%| F|  |TAMS 0x0000000090e00000, 0x0000000090e00000| Untracked 
| 233|0x0000000090f00000, 0x0000000090f00000, 0x0000000091000000|  0%| F|  |TAMS 0x0000000090f00000, 0x0000000090f00000| Untracked 
| 234|0x0000000091000000, 0x0000000091000000, 0x0000000091100000|  0%| F|  |TAMS 0x0000000091000000, 0x0000000091000000| Untracked 
| 235|0x0000000091100000, 0x0000000091100000, 0x0000000091200000|  0%| F|  |TAMS 0x0000000091100000, 0x0000000091100000| Untracked 
| 236|0x0000000091200000, 0x0000000091200000, 0x0000000091300000|  0%| F|  |TAMS 0x0000000091200000, 0x0000000091200000| Untracked 
| 237|0x0000000091300000, 0x0000000091381408, 0x0000000091400000| 50%| E|  |TAMS 0x0000000091300000, 0x0000000091300000| Complete 
| 238|0x0000000091400000, 0x0000000091500000, 0x0000000091500000|100%| E|CS|TAMS 0x0000000091400000, 0x0000000091400000| Complete 
| 239|0x0000000091500000, 0x0000000091600000, 0x0000000091600000|100%| E|CS|TAMS 0x0000000091500000, 0x0000000091500000| Complete 
| 240|0x0000000091600000, 0x0000000091700000, 0x0000000091700000|100%| E|CS|TAMS 0x0000000091600000, 0x0000000091600000| Complete 
| 241|0x0000000091700000, 0x0000000091800000, 0x0000000091800000|100%| E|CS|TAMS 0x0000000091700000, 0x0000000091700000| Complete 
| 242|0x0000000091800000, 0x0000000091900000, 0x0000000091900000|100%| E|CS|TAMS 0x0000000091800000, 0x0000000091800000| Complete 
| 243|0x0000000091900000, 0x0000000091a00000, 0x0000000091a00000|100%| E|CS|TAMS 0x0000000091900000, 0x0000000091900000| Complete 
| 244|0x0000000091a00000, 0x0000000091b00000, 0x0000000091b00000|100%| E|CS|TAMS 0x0000000091a00000, 0x0000000091a00000| Complete 
| 245|0x0000000091b00000, 0x0000000091c00000, 0x0000000091c00000|100%| E|CS|TAMS 0x0000000091b00000, 0x0000000091b00000| Complete 
| 246|0x0000000091c00000, 0x0000000091d00000, 0x0000000091d00000|100%| E|CS|TAMS 0x0000000091c00000, 0x0000000091c00000| Complete 
| 247|0x0000000091d00000, 0x0000000091e00000, 0x0000000091e00000|100%| E|CS|TAMS 0x0000000091d00000, 0x0000000091d00000| Complete 
| 248|0x0000000091e00000, 0x0000000091f00000, 0x0000000091f00000|100%| E|CS|TAMS 0x0000000091e00000, 0x0000000091e00000| Complete 
| 249|0x0000000091f00000, 0x0000000092000000, 0x0000000092000000|100%| E|CS|TAMS 0x0000000091f00000, 0x0000000091f00000| Complete 

Card table byte_map: [0x0000028dce080000,0x0000028dce470000] _byte_map_base: 0x0000028dcdc6d000

Marking Bits (Prev, Next): (CMBitMap*) 0x0000028db71c8c30, (CMBitMap*) 0x0000028db71c8bf0
 Prev Bits: [0x0000028dd07d0000, 0x0000028dd2738000)
 Next Bits: [0x0000028dce860000, 0x0000028dd07c8000)

Polling page: 0x0000028db5010000

Metaspace:

Usage:
  Non-class:     45.87 MB used.
      Class:      7.05 MB used.
       Both:     52.92 MB used.

Virtual space:
  Non-class space:       64.00 MB reserved,      46.06 MB ( 72%) committed,  1 nodes.
      Class space:        1.00 GB reserved,       7.19 MB ( <1%) committed,  1 nodes.
             Both:        1.06 GB reserved,      53.25 MB (  5%) committed. 

Chunk freelists:
   Non-Class:  1.50 MB
       Class:  8.83 MB
        Both:  10.33 MB

MaxMetaspaceSize: unlimited
CompressedClassSpaceSize: 1.00 GB
Initial GC threshold: 21.00 MB
Current GC threshold: 88.38 MB
CDS: on
MetaspaceReclaimPolicy: balanced
 - commit_granule_bytes: 65536.
 - commit_granule_words: 8192.
 - virtual_space_node_default_size: 8388608.
 - enlarge_chunks_in_place: 1.
 - new_chunks_are_fully_committed: 0.
 - uncommit_free_chunks: 1.
 - use_allocation_guard: 0.
 - handle_deallocations: 1.


Internal statistics:

num_allocs_failed_limit: 6.
num_arena_births: 408.
num_arena_deaths: 0.
num_vsnodes_births: 2.
num_vsnodes_deaths: 0.
num_space_committed: 853.
num_space_uncommitted: 0.
num_chunks_returned_to_freelist: 6.
num_chunks_taken_from_freelist: 2380.
num_chunk_merges: 6.
num_chunk_splits: 1711.
num_chunks_enlarged: 1371.
num_inconsistent_stats: 0.

CodeHeap 'non-profiled nmethods': size=120000Kb used=3680Kb max_used=3680Kb free=116319Kb
 bounds [0x0000028dc6760000, 0x0000028dc6b00000, 0x0000028dcdc90000]
CodeHeap 'profiled nmethods': size=120000Kb used=10202Kb max_used=10202Kb free=109797Kb
 bounds [0x0000028dbec90000, 0x0000028dbf690000, 0x0000028dc61c0000]
CodeHeap 'non-nmethods': size=5760Kb used=1278Kb max_used=1366Kb free=4481Kb
 bounds [0x0000028dc61c0000, 0x0000028dc6430000, 0x0000028dc6760000]
 total_blobs=5146 nmethods=4545 adapters=513
 compilation: enabled
              stopped_count=0, restarted_count=0
 full_count=0

Compilation events (20 events):
Event: 41.508 Thread 0x0000028dd4c121a0 5214       3       java.util.concurrent.locks.LockSupport::setCurrentBlocker (14 bytes)
Event: 41.508 Thread 0x0000028dd4c121a0 nmethod 5214 0x0000028dbf669b10 code [0x0000028dbf669cc0, 0x0000028dbf669ee8]
Event: 41.509 Thread 0x0000028dd4c121a0 5215       3       jdk.internal.misc.Unsafe::getAndBitwiseAndInt (27 bytes)
Event: 41.509 Thread 0x0000028dd4c121a0 nmethod 5215 0x0000028dbf669f90 code [0x0000028dbf66a140, 0x0000028dbf66a388]
Event: 41.509 Thread 0x0000028dd4c121a0 5216       3       java.util.concurrent.locks.AbstractQueuedSynchronizer$Node::getAndUnsetStatus (14 bytes)
Event: 41.510 Thread 0x0000028dd4c121a0 nmethod 5216 0x0000028dbf66a490 code [0x0000028dbf66a640, 0x0000028dbf66a908]
Event: 41.511 Thread 0x0000028dd4c121a0 5218   !   3       java.util.concurrent.ConcurrentHashMap::clear (176 bytes)
Event: 41.513 Thread 0x0000028dd4c121a0 nmethod 5218 0x0000028dbf66aa10 code [0x0000028dbf66ac40, 0x0000028dbf66b568]
Event: 41.514 Thread 0x0000028dd4c121a0 5219   !   3       sun.nio.ch.FileChannelImpl::implCloseChannel (169 bytes)
Event: 41.516 Thread 0x0000028dd4c121a0 nmethod 5219 0x0000028dbf66b910 code [0x0000028dbf66bc80, 0x0000028dbf66d348]
Event: 41.516 Thread 0x0000028dd4c121a0 5220  s!   3       sun.nio.ch.NativeThreadSet::signalAndWait (134 bytes)
Event: 41.516 Thread 0x0000028dd4c121a0 nmethod 5220 0x0000028dbf66db10 code [0x0000028dbf66dd00, 0x0000028dbf66e378]
Event: 41.518 Thread 0x0000028dd4c121a0 5222       3       org.springframework.beans.factory.support.AbstractBeanFactory::isTypeMatch (607 bytes)
Event: 41.522 Thread 0x0000028dd4c121a0 nmethod 5222 0x0000028dbf66e610 code [0x0000028dbf66eca0, 0x0000028dbf673cc8]
Event: 41.524 Thread 0x0000028dd4c121a0 5224   !   2       org.springframework.util.ReflectionUtils::doWithMethods (193 bytes)
Event: 41.525 Thread 0x0000028dd4c121a0 nmethod 5224 0x0000028dbf675090 code [0x0000028dbf675340, 0x0000028dbf675a28]
Event: 41.529 Thread 0x0000028dd4c121a0 5226       3       java.util.HashSet::<init> (17 bytes)
Event: 41.529 Thread 0x0000028dd4c121a0 nmethod 5226 0x0000028dbf675f90 code [0x0000028dbf676180, 0x0000028dbf676508]
Event: 41.530 Thread 0x0000028dd4c121a0 5227       3       org.springframework.beans.factory.InjectionPoint::getAnnotations (39 bytes)
Event: 41.530 Thread 0x0000028dd4c121a0 nmethod 5227 0x0000028dbf676690 code [0x0000028dbf6768c0, 0x0000028dbf677248]

GC Heap History (20 events):
Event: 38.330 GC heap before
{Heap before GC invocations=15 (full 0):
 garbage-first heap   total 48128K, used 37305K [0x0000000082600000, 0x0000000100000000)
  region size 1024K, 18 young (18432K), 2 survivors (2048K)
 Metaspace       used 50754K, committed 51136K, reserved 1114112K
  class space    used 6777K, committed 6976K, reserved 1048576K
}
Event: 38.336 GC heap after
{Heap after GC invocations=16 (full 0):
 garbage-first heap   total 48128K, used 22288K [0x0000000082600000, 0x0000000100000000)
  region size 1024K, 3 young (3072K), 3 survivors (3072K)
 Metaspace       used 50754K, committed 51136K, reserved 1114112K
  class space    used 6777K, committed 6976K, reserved 1048576K
}
Event: 39.142 GC heap before
{Heap before GC invocations=16 (full 0):
 garbage-first heap   total 48128K, used 37648K [0x0000000082600000, 0x0000000100000000)
  region size 1024K, 18 young (18432K), 3 survivors (3072K)
 Metaspace       used 53049K, committed 53376K, reserved 1114112K
  class space    used 7094K, committed 7232K, reserved 1048576K
}
Event: 39.148 GC heap after
{Heap after GC invocations=17 (full 0):
 garbage-first heap   total 48128K, used 23956K [0x0000000082600000, 0x0000000100000000)
  region size 1024K, 3 young (3072K), 3 survivors (3072K)
 Metaspace       used 53049K, committed 53376K, reserved 1114112K
  class space    used 7094K, committed 7232K, reserved 1048576K
}
Event: 39.965 GC heap before
{Heap before GC invocations=17 (full 0):
 garbage-first heap   total 48128K, used 37268K [0x0000000082600000, 0x0000000100000000)
  region size 1024K, 17 young (17408K), 3 survivors (3072K)
 Metaspace       used 53908K, committed 54272K, reserved 1114112K
  class space    used 7175K, committed 7360K, reserved 1048576K
}
Event: 39.971 GC heap after
{Heap after GC invocations=18 (full 0):
 garbage-first heap   total 48128K, used 26476K [0x0000000082600000, 0x0000000100000000)
  region size 1024K, 3 young (3072K), 3 survivors (3072K)
 Metaspace       used 53908K, committed 54272K, reserved 1114112K
  class space    used 7175K, committed 7360K, reserved 1048576K
}
Event: 40.074 GC heap before
{Heap before GC invocations=19 (full 0):
 garbage-first heap   total 65536K, used 37740K [0x0000000082600000, 0x0000000100000000)
  region size 1024K, 14 young (14336K), 3 survivors (3072K)
 Metaspace       used 53928K, committed 54272K, reserved 1114112K
  class space    used 7175K, committed 7360K, reserved 1048576K
}
Event: 40.079 GC heap after
{Heap after GC invocations=20 (full 0):
 garbage-first heap   total 65536K, used 29023K [0x0000000082600000, 0x0000000100000000)
  region size 1024K, 2 young (2048K), 2 survivors (2048K)
 Metaspace       used 53928K, committed 54272K, reserved 1114112K
  class space    used 7175K, committed 7360K, reserved 1048576K
}
Event: 40.086 GC heap before
{Heap before GC invocations=20 (full 0):
 garbage-first heap   total 65536K, used 30047K [0x0000000082600000, 0x0000000100000000)
  region size 1024K, 3 young (3072K), 2 survivors (2048K)
 Metaspace       used 53928K, committed 54272K, reserved 1114112K
  class space    used 7175K, committed 7360K, reserved 1048576K
}
Event: 40.091 GC heap after
{Heap after GC invocations=21 (full 0):
 garbage-first heap   total 65536K, used 29502K [0x0000000082600000, 0x0000000100000000)
  region size 1024K, 1 young (1024K), 1 survivors (1024K)
 Metaspace       used 53928K, committed 54272K, reserved 1114112K
  class space    used 7175K, committed 7360K, reserved 1048576K
}
Event: 40.500 GC heap before
{Heap before GC invocations=21 (full 0):
 garbage-first heap   total 65536K, used 46910K [0x0000000082600000, 0x0000000100000000)
  region size 1024K, 19 young (19456K), 1 survivors (1024K)
 Metaspace       used 53987K, committed 54400K, reserved 1114112K
  class space    used 7187K, committed 7360K, reserved 1048576K
}
Event: 40.507 GC heap after
{Heap after GC invocations=22 (full 0):
 garbage-first heap   total 65536K, used 34923K [0x0000000082600000, 0x0000000100000000)
  region size 1024K, 3 young (3072K), 3 survivors (3072K)
 Metaspace       used 53987K, committed 54400K, reserved 1114112K
  class space    used 7187K, committed 7360K, reserved 1048576K
}
Event: 40.639 GC heap before
{Heap before GC invocations=23 (full 0):
 garbage-first heap   total 78848K, used 48235K [0x0000000082600000, 0x0000000100000000)
  region size 1024K, 16 young (16384K), 3 survivors (3072K)
 Metaspace       used 54001K, committed 54400K, reserved 1114112K
  class space    used 7187K, committed 7360K, reserved 1048576K
}
Event: 40.645 GC heap after
{Heap after GC invocations=24 (full 0):
 garbage-first heap   total 78848K, used 38133K [0x0000000082600000, 0x0000000100000000)
  region size 1024K, 2 young (2048K), 2 survivors (2048K)
 Metaspace       used 54001K, committed 54400K, reserved 1114112K
  class space    used 7187K, committed 7360K, reserved 1048576K
}
Event: 41.104 GC heap before
{Heap before GC invocations=24 (full 0):
 garbage-first heap   total 78848K, used 56565K [0x0000000082600000, 0x0000000100000000)
  region size 1024K, 21 young (21504K), 2 survivors (2048K)
 Metaspace       used 54032K, committed 54400K, reserved 1114112K
  class space    used 7187K, committed 7360K, reserved 1048576K
}
Event: 41.110 GC heap after
{Heap after GC invocations=25 (full 0):
 garbage-first heap   total 78848K, used 44212K [0x0000000082600000, 0x0000000100000000)
  region size 1024K, 3 young (3072K), 3 survivors (3072K)
 Metaspace       used 54032K, committed 54400K, reserved 1114112K
  class space    used 7187K, committed 7360K, reserved 1048576K
}
Event: 41.357 GC heap before
{Heap before GC invocations=26 (full 0):
 garbage-first heap   total 92160K, used 58548K [0x0000000082600000, 0x0000000100000000)
  region size 1024K, 17 young (17408K), 3 survivors (3072K)
 Metaspace       used 54033K, committed 54400K, reserved 1114112K
  class space    used 7187K, committed 7360K, reserved 1048576K
}
Event: 41.362 GC heap after
{Heap after GC invocations=27 (full 0):
 garbage-first heap   total 92160K, used 46919K [0x0000000082600000, 0x0000000100000000)
  region size 1024K, 3 young (3072K), 3 survivors (3072K)
 Metaspace       used 54033K, committed 54400K, reserved 1114112K
  class space    used 7187K, committed 7360K, reserved 1048576K
}
Event: 41.374 GC heap before
{Heap before GC invocations=27 (full 0):
 garbage-first heap   total 92160K, used 47943K [0x0000000082600000, 0x0000000100000000)
  region size 1024K, 4 young (4096K), 3 survivors (3072K)
 Metaspace       used 54037K, committed 54400K, reserved 1114112K
  class space    used 7187K, committed 7360K, reserved 1048576K
}
Event: 41.382 GC heap after
{Heap after GC invocations=28 (full 0):
 garbage-first heap   total 256000K, used 42782K [0x0000000082600000, 0x0000000100000000)
  region size 1024K, 1 young (1024K), 1 survivors (1024K)
 Metaspace       used 54037K, committed 54400K, reserved 1114112K
  class space    used 7187K, committed 7360K, reserved 1048576K
}

Dll operation events (13 events):
Event: 0.024 Loaded shared library C:\Users\Bia e Leo\.jdks\corretto-17.0.12\bin\java.dll
Event: 0.260 Loaded shared library C:\Users\Bia e Leo\.jdks\corretto-17.0.12\bin\jsvml.dll
Event: 0.461 Loaded shared library C:\Users\Bia e Leo\.jdks\corretto-17.0.12\bin\zip.dll
Event: 0.731 Loaded shared library C:\Users\Bia e Leo\.jdks\corretto-17.0.12\bin\instrument.dll
Event: 1.494 Loaded shared library C:\Users\Bia e Leo\.jdks\corretto-17.0.12\bin\net.dll
Event: 1.968 Loaded shared library C:\Users\Bia e Leo\.jdks\corretto-17.0.12\bin\nio.dll
Event: 1.971 Loaded shared library C:\Users\Bia e Leo\.jdks\corretto-17.0.12\bin\zip.dll
Event: 3.514 Loaded shared library C:\Users\Bia e Leo\.jdks\corretto-17.0.12\bin\jimage.dll
Event: 3.596 Loaded shared library C:\Program Files\JetBrains\IntelliJ IDEA Community Edition 2024.1.4\bin\breakgen64.dll
Event: 3.667 Loaded shared library C:\Users\Bia e Leo\.jdks\corretto-17.0.12\bin\extnet.dll
Event: 3.696 Loaded shared library C:\Users\Bia e Leo\.jdks\corretto-17.0.12\bin\verify.dll
Event: 7.289 Loaded shared library C:\Users\Bia e Leo\.jdks\corretto-17.0.12\bin\management.dll
Event: 7.299 Loaded shared library C:\Users\Bia e Leo\.jdks\corretto-17.0.12\bin\management_ext.dll

Deoptimization events (20 events):
Event: 40.720 Thread 0x0000028e1b018350 DEOPT PACKING pc=0x0000028dbf319f2a sp=0x000000ac35bfea10
Event: 40.720 Thread 0x0000028e1b018350 DEOPT UNPACKING pc=0x0000028dc6217124 sp=0x000000ac35bfdf20 mode 0
Event: 40.720 Thread 0x0000028e1cde22d0 DEOPT PACKING pc=0x0000028dbf5e8cdd sp=0x000000ac35ffec20
Event: 40.720 Thread 0x0000028e1cde22d0 DEOPT UNPACKING pc=0x0000028dc6217124 sp=0x000000ac35ffe208 mode 0
Event: 40.720 Thread 0x0000028e1b017420 DEOPT PACKING pc=0x0000028dbf319f4b sp=0x000000ac359fe730
Event: 40.720 Thread 0x0000028e1b017420 DEOPT UNPACKING pc=0x0000028dc6217124 sp=0x000000ac359fdc40 mode 0
Event: 40.721 Thread 0x0000028e1b015ad0 DEOPT PACKING pc=0x0000028dbf5e8cdd sp=0x000000ac353fee40
Event: 40.721 Thread 0x0000028e1b015ad0 DEOPT UNPACKING pc=0x0000028dc6217124 sp=0x000000ac353fe428 mode 0
Event: 40.721 Thread 0x0000028e1b0155c0 DEOPT PACKING pc=0x0000028dbf319f4b sp=0x000000ac35efe8b0
Event: 40.721 Thread 0x0000028e1b0155c0 DEOPT UNPACKING pc=0x0000028dc6217124 sp=0x000000ac35efddc0 mode 0
Event: 40.721 Thread 0x0000028e1b014ba0 DEOPT PACKING pc=0x0000028dbf319f2a sp=0x000000ac35cfe890
Event: 40.721 Thread 0x0000028e1b014ba0 DEOPT UNPACKING pc=0x0000028dc6217124 sp=0x000000ac35cfdda0 mode 0
Event: 40.727 Thread 0x0000028e1b0155c0 DEOPT PACKING pc=0x0000028dbf5e8cdd sp=0x000000ac35efebe0
Event: 40.727 Thread 0x0000028e1b0155c0 DEOPT UNPACKING pc=0x0000028dc6217124 sp=0x000000ac35efe1c8 mode 0
Event: 41.383 Thread 0x0000028e1b0155c0 DEOPT PACKING pc=0x0000028dbf617d7b sp=0x000000ac35dfe300
Event: 41.383 Thread 0x0000028e1b0155c0 DEOPT UNPACKING pc=0x0000028dc6217124 sp=0x000000ac35dfdb10 mode 0
Event: 41.517 Thread 0x0000028db71702f0 Uncommon trap: trap_request=0xffffff45 fr.pc=0x0000028dc68fd628 relative=0x0000000000005128
Event: 41.517 Thread 0x0000028db71702f0 Uncommon trap: reason=unstable_if action=reinterpret pc=0x0000028dc68fd628 method=org.springframework.beans.factory.support.AbstractBeanFactory.isTypeMatch(Ljava/lang/String;Lorg/springframework/core/ResolvableType;Z)Z @ 581 c2
Event: 41.517 Thread 0x0000028db71702f0 DEOPT PACKING pc=0x0000028dc68fd628 sp=0x000000ac33afe0d0
Event: 41.517 Thread 0x0000028db71702f0 DEOPT UNPACKING pc=0x0000028dc621699d sp=0x000000ac33afe090 mode 2

Classes loaded (20 events):
Event: 39.351 Loading class java/lang/StackStreamFactory$StackFrameTraverser$StackFrameBuffer
Event: 39.352 Loading class java/lang/StackStreamFactory$FrameBuffer
Event: 39.352 Loading class java/lang/StackStreamFactory$FrameBuffer done
Event: 39.352 Loading class java/lang/StackStreamFactory$StackFrameTraverser$StackFrameBuffer done
Event: 39.360 Loading class java/lang/LayerInstantiationException
Event: 39.360 Loading class java/lang/LayerInstantiationException done
Event: 39.360 Loading class jdk/internal/loader/Loader
Event: 39.361 Loading class jdk/internal/loader/Loader done
Event: 39.859 Loading class java/nio/channels/spi/AbstractInterruptibleChannel$1
Event: 39.859 Loading class sun/nio/ch/Interruptible
Event: 39.859 Loading class sun/nio/ch/Interruptible done
Event: 39.859 Loading class java/nio/channels/spi/AbstractInterruptibleChannel$1 done
Event: 39.862 Loading class java/nio/ReadOnlyBufferException
Event: 39.862 Loading class java/nio/ReadOnlyBufferException done
Event: 39.865 Loading class java/util/zip/DataFormatException
Event: 39.865 Loading class java/util/zip/DataFormatException done
Event: 40.301 Loading class java/net/URLDecoder
Event: 40.302 Loading class java/net/URLDecoder done
Event: 40.302 Loading class java/net/URLEncoder
Event: 40.302 Loading class java/net/URLEncoder done

Classes unloaded (0 events):
No events

Classes redefined (0 events):
No events

Internal exceptions (20 events):
Event: 37.911 Thread 0x0000028db71702f0 Exception <a 'java/lang/ClassNotFoundException'{0x00000000860b6108}: org/springframework/context/annotation/ImportAwareCustomizer> (0x00000000860b6108) 
thrown [s\src\hotspot\share\classfile\systemDictionary.cpp, line 256]
Event: 37.911 Thread 0x0000028db71702f0 Exception <a 'java/lang/ClassNotFoundException'{0x00000000860ba1a8}: org/springframework/beans/factory/AwareCustomizer> (0x00000000860ba1a8) 
thrown [s\src\hotspot\share\classfile\systemDictionary.cpp, line 256]
Event: 37.912 Thread 0x0000028db71702f0 Exception <a 'java/lang/ClassNotFoundException'{0x00000000860bd5f8}: org/springframework/beans/factory/BeanClassLoaderAwareCustomizer> (0x00000000860bd5f8) 
thrown [s\src\hotspot\share\classfile\systemDictionary.cpp, line 256]
Event: 37.912 Thread 0x0000028db71702f0 Exception <a 'java/lang/ClassNotFoundException'{0x00000000860c1678}: org/springframework/beans/factory/AwareCustomizer> (0x00000000860c1678) 
thrown [s\src\hotspot\share\classfile\systemDictionary.cpp, line 256]
Event: 37.921 Thread 0x0000028db71702f0 Exception <a 'java/lang/ClassNotFoundException'{0x00000000860cf3c0}: java/lang/ObjectCustomizer> (0x00000000860cf3c0) 
thrown [s\src\hotspot\share\classfile\systemDictionary.cpp, line 256]
Event: 37.922 Thread 0x0000028db71702f0 Exception <a 'java/lang/ClassNotFoundException'{0x00000000860d6a08}: org/springframework/security/config/annotation/web/configuration/HttpSecurityConfigurationCustomizer> (0x00000000860d6a08) 
thrown [s\src\hotspot\share\classfile\systemDictionary.cpp, line 256]
Event: 38.288 Thread 0x0000028db71702f0 Exception <a 'java/lang/ClassNotFoundException'{0x00000000848e7978}: java/lang/ObjectCustomizer> (0x00000000848e7978) 
thrown [s\src\hotspot\share\classfile\systemDictionary.cpp, line 256]
Event: 38.289 Thread 0x0000028db71702f0 Exception <a 'java/lang/ClassNotFoundException'{0x00000000848ee518}: org/springframework/web/servlet/config/annotation/WebMvcConfigurationSupportCustomizer> (0x00000000848ee518) 
thrown [s\src\hotspot\share\classfile\systemDictionary.cpp, line 256]
Event: 38.290 Thread 0x0000028db71702f0 Exception <a 'java/lang/ClassNotFoundException'{0x0000000084701a00}: org/springframework/web/servlet/config/annotation/DelegatingWebMvcConfigurationCustomizer> (0x0000000084701a00) 
thrown [s\src\hotspot\share\classfile\systemDictionary.cpp, line 256]
Event: 38.290 Thread 0x0000028db71702f0 Exception <a 'java/lang/ClassNotFoundException'{0x0000000084709ab0}: org/springframework/boot/autoconfigure/web/servlet/WebMvcAutoConfiguration$EnableWebMvcConfigurationCustomizer> (0x0000000084709ab0) 
thrown [s\src\hotspot\share\classfile\systemDictionary.cpp, line 256]
Event: 38.291 Thread 0x0000028db71702f0 Exception <a 'java/lang/ClassNotFoundException'{0x000000008471c130}: org/springframework/context/ResourceLoaderAwareCustomizer> (0x000000008471c130) 
thrown [s\src\hotspot\share\classfile\systemDictionary.cpp, line 256]
Event: 38.292 Thread 0x0000028db71702f0 Exception <a 'java/lang/ClassNotFoundException'{0x0000000084720188}: org/springframework/beans/factory/AwareCustomizer> (0x0000000084720188) 
thrown [s\src\hotspot\share\classfile\systemDictionary.cpp, line 256]
Event: 38.292 Thread 0x0000028db71702f0 Exception <a 'java/lang/ClassNotFoundException'{0x0000000084723550}: org/springframework/context/ApplicationContextAwareCustomizer> (0x0000000084723550) 
thrown [s\src\hotspot\share\classfile\systemDictionary.cpp, line 256]
Event: 38.293 Thread 0x0000028db71702f0 Exception <a 'java/lang/ClassNotFoundException'{0x0000000084728098}: org/springframework/beans/factory/AwareCustomizer> (0x0000000084728098) 
thrown [s\src\hotspot\share\classfile\systemDictionary.cpp, line 256]
Event: 38.293 Thread 0x0000028db71702f0 Exception <a 'java/lang/ClassNotFoundException'{0x000000008472b438}: org/springframework/web/context/ServletContextAwareCustomizer> (0x000000008472b438) 
thrown [s\src\hotspot\share\classfile\systemDictionary.cpp, line 256]
Event: 38.293 Thread 0x0000028db71702f0 Exception <a 'java/lang/ClassNotFoundException'{0x000000008472f8c8}: org/springframework/beans/factory/AwareCustomizer> (0x000000008472f8c8) 
thrown [s\src\hotspot\share\classfile\systemDictionary.cpp, line 256]
Event: 38.596 Thread 0x0000028db71702f0 Exception <a 'java/lang/NoSuchMethodError'{0x0000000084d0b258}: 'void java.lang.invoke.DirectMethodHandle$Holder.invokeVirtual(java.lang.Object, java.lang.Object, int)'> (0x0000000084d0b258) 
thrown [s\src\hotspot\share\interpreter\linkResolver.cpp, line 759]
Event: 38.601 Thread 0x0000028db71702f0 Exception <a 'java/lang/NoSuchMethodError'{0x0000000084d25d90}: 'void java.lang.invoke.DirectMethodHandle$Holder.invokeVirtual(java.lang.Object, java.lang.Object, long)'> (0x0000000084d25d90) 
thrown [s\src\hotspot\share\interpreter\linkResolver.cpp, line 759]
Event: 39.122 Thread 0x0000028db71702f0 Exception <a 'java/lang/IncompatibleClassChangeError'{0x000000008465b9d0}: Found class java.lang.Object, but interface was expected> (0x000000008465b9d0) 
thrown [s\src\hotspot\share\interpreter\linkResolver.cpp, line 826]
Event: 40.301 Thread 0x0000028e1b014ba0 Implicit null exception at 0x0000028dc69c53ec to 0x0000028dc69c549c

VM Operations (20 events):
Event: 40.241 Executing VM operation: HandshakeAllThreads
Event: 40.241 Executing VM operation: HandshakeAllThreads done
Event: 40.497 Executing VM operation: G1CollectForAllocation
Event: 40.516 Executing VM operation: G1CollectForAllocation done
Event: 40.589 Executing VM operation: G1PauseRemark
Event: 40.594 Executing VM operation: G1PauseRemark done
Event: 40.623 Executing VM operation: G1PauseCleanup
Event: 40.625 Executing VM operation: G1PauseCleanup done
Event: 40.639 Executing VM operation: G1CollectForAllocation
Event: 40.645 Executing VM operation: G1CollectForAllocation done
Event: 41.089 Executing VM operation: G1CollectForAllocation
Event: 41.111 Executing VM operation: G1CollectForAllocation done
Event: 41.180 Executing VM operation: G1PauseRemark
Event: 41.214 Executing VM operation: G1PauseRemark done
Event: 41.243 Executing VM operation: G1PauseCleanup
Event: 41.243 Executing VM operation: G1PauseCleanup done
Event: 41.357 Executing VM operation: G1CollectForAllocation
Event: 41.362 Executing VM operation: G1CollectForAllocation done
Event: 41.374 Executing VM operation: G1CollectForAllocation
Event: 41.382 Executing VM operation: G1CollectForAllocation done

Events (20 events):
Event: 41.452 Thread 0x0000028e1b015ad0 Thread exited: 0x0000028e1b015ad0
Event: 41.453 Thread 0x0000028e1b0155c0 Thread exited: 0x0000028e1b0155c0
Event: 41.453 Thread 0x0000028e1cde2cf0 Thread exited: 0x0000028e1cde2cf0
Event: 41.453 Thread 0x0000028e1b017420 Thread exited: 0x0000028e1b017420
Event: 41.454 Thread 0x0000028e1b014ba0 Thread added: 0x0000028e1b014ba0
Event: 41.485 Thread 0x0000028e1b015ad0 Thread added: 0x0000028e1b015ad0
Event: 41.488 Thread 0x0000028e1b016f10 Thread added: 0x0000028e1b016f10
Event: 41.492 Thread 0x0000028e1b017420 Thread added: 0x0000028e1b017420
Event: 41.495 Thread 0x0000028e1b018350 Thread added: 0x0000028e1b018350
Event: 41.498 Thread 0x0000028e1b0150b0 Thread added: 0x0000028e1b0150b0
Event: 41.500 Thread 0x0000028e1b0155c0 Thread added: 0x0000028e1b0155c0
Event: 41.502 Thread 0x0000028e1cde5060 Thread added: 0x0000028e1cde5060
Event: 41.510 Thread 0x0000028e1b0150b0 Thread exited: 0x0000028e1b0150b0
Event: 41.510 Thread 0x0000028e1b014ba0 Thread exited: 0x0000028e1b014ba0
Event: 41.510 Thread 0x0000028e1b016f10 Thread exited: 0x0000028e1b016f10
Event: 41.510 Thread 0x0000028e1b0155c0 Thread exited: 0x0000028e1b0155c0
Event: 41.510 Thread 0x0000028e1cde5060 Thread exited: 0x0000028e1cde5060
Event: 41.510 Thread 0x0000028e1b017420 Thread exited: 0x0000028e1b017420
Event: 41.510 Thread 0x0000028e1b018350 Thread exited: 0x0000028e1b018350
Event: 41.510 Thread 0x0000028e1b015ad0 Thread exited: 0x0000028e1b015ad0


Dynamic libraries:
0x00007ff6adfc0000 - 0x00007ff6adfce000 	C:\Users\Bia e Leo\.jdks\corretto-17.0.12\bin\java.exe
0x00007ffb95470000 - 0x00007ffb95668000 	C:\WINDOWS\SYSTEM32\ntdll.dll
0x00007ffb5b080000 - 0x00007ffb5b09a000 	C:\Program Files\AVAST Software\Avast\aswhook.dll
0x00007ffb95070000 - 0x00007ffb95131000 	C:\WINDOWS\System32\KERNEL32.DLL
0x00007ffb92c50000 - 0x00007ffb92f46000 	C:\WINDOWS\System32\KERNELBASE.dll
0x00007ffb931a0000 - 0x00007ffb932a0000 	C:\WINDOWS\System32\ucrtbase.dll
0x00007ffb8fbe0000 - 0x00007ffb8fbf7000 	C:\Users\Bia e Leo\.jdks\corretto-17.0.12\bin\jli.dll
0x00007ffb8fb50000 - 0x00007ffb8fb6b000 	C:\Users\Bia e Leo\.jdks\corretto-17.0.12\bin\VCRUNTIME140.dll
0x00007ffb94ed0000 - 0x00007ffb9506f000 	C:\WINDOWS\System32\USER32.dll
0x00007ffb93050000 - 0x00007ffb93072000 	C:\WINDOWS\System32\win32u.dll
0x00007ffb94040000 - 0x00007ffb9406b000 	C:\WINDOWS\System32\GDI32.dll
0x00007ffb93080000 - 0x00007ffb93197000 	C:\WINDOWS\System32\gdi32full.dll
0x00007ffb93400000 - 0x00007ffb9349d000 	C:\WINDOWS\System32\msvcp_win.dll
0x00007ffb81af0000 - 0x00007ffb81d8a000 	C:\WINDOWS\WinSxS\amd64_microsoft.windows.common-controls_6595b64144ccf1df_6.0.19041.4355_none_60b8b9eb71f62e16\COMCTL32.dll
0x00007ffb94070000 - 0x00007ffb9410e000 	C:\WINDOWS\System32\msvcrt.dll
0x00007ffb93f50000 - 0x00007ffb93f7f000 	C:\WINDOWS\System32\IMM32.DLL
0x00007ffb8fbd0000 - 0x00007ffb8fbdc000 	C:\Users\Bia e Leo\.jdks\corretto-17.0.12\bin\vcruntime140_1.dll
0x00007ffb80f80000 - 0x00007ffb8100d000 	C:\Users\Bia e Leo\.jdks\corretto-17.0.12\bin\msvcp140.dll
0x00007ffb701d0000 - 0x00007ffb70e3a000 	C:\Users\Bia e Leo\.jdks\corretto-17.0.12\bin\server\jvm.dll
0x00007ffb93c00000 - 0x00007ffb93cb0000 	C:\WINDOWS\System32\ADVAPI32.dll
0x00007ffb93f80000 - 0x00007ffb94020000 	C:\WINDOWS\System32\sechost.dll
0x00007ffb95140000 - 0x00007ffb95263000 	C:\WINDOWS\System32\RPCRT4.dll
0x00007ffb92b20000 - 0x00007ffb92b47000 	C:\WINDOWS\System32\bcrypt.dll
0x00007ffb94d80000 - 0x00007ffb94deb000 	C:\WINDOWS\System32\WS2_32.dll
0x00007ffb92970000 - 0x00007ffb929bb000 	C:\WINDOWS\SYSTEM32\POWRPROF.dll
0x00007ffb758f0000 - 0x00007ffb75917000 	C:\WINDOWS\SYSTEM32\WINMM.dll
0x00007ffb890c0000 - 0x00007ffb890ca000 	C:\WINDOWS\SYSTEM32\VERSION.dll
0x00007ffb92950000 - 0x00007ffb92962000 	C:\WINDOWS\SYSTEM32\UMPDC.dll
0x00007ffb90980000 - 0x00007ffb90992000 	C:\WINDOWS\SYSTEM32\kernel.appcore.dll
0x00007ffb8fb40000 - 0x00007ffb8fb4a000 	C:\Users\Bia e Leo\.jdks\corretto-17.0.12\bin\jimage.dll
0x00007ffb8bab0000 - 0x00007ffb8bc94000 	C:\WINDOWS\SYSTEM32\DBGHELP.DLL
0x00007ffb8ba70000 - 0x00007ffb8baa4000 	C:\WINDOWS\SYSTEM32\dbgcore.DLL
0x00007ffb92bc0000 - 0x00007ffb92c42000 	C:\WINDOWS\System32\bcryptPrimitives.dll
0x00007ffb8fb30000 - 0x00007ffb8fb3e000 	C:\Users\Bia e Leo\.jdks\corretto-17.0.12\bin\instrument.dll
0x00007ffb8fad0000 - 0x00007ffb8faf5000 	C:\Users\Bia e Leo\.jdks\corretto-17.0.12\bin\java.dll
0x00007ffb80ea0000 - 0x00007ffb80f77000 	C:\Users\Bia e Leo\.jdks\corretto-17.0.12\bin\jsvml.dll
0x00007ffb94230000 - 0x00007ffb9499c000 	C:\WINDOWS\System32\SHELL32.dll
0x00007ffb90b80000 - 0x00007ffb9131e000 	C:\WINDOWS\SYSTEM32\windows.storage.dll
0x00007ffb949a0000 - 0x00007ffb94cf3000 	C:\WINDOWS\System32\combase.dll
0x00007ffb92390000 - 0x00007ffb923be000 	C:\WINDOWS\SYSTEM32\Wldp.dll
0x00007ffb94df0000 - 0x00007ffb94ebd000 	C:\WINDOWS\System32\OLEAUT32.dll
0x00007ffb95380000 - 0x00007ffb9542d000 	C:\WINDOWS\System32\SHCORE.dll
0x00007ffb95320000 - 0x00007ffb95375000 	C:\WINDOWS\System32\shlwapi.dll
0x00007ffb92a50000 - 0x00007ffb92a74000 	C:\WINDOWS\SYSTEM32\profapi.dll
0x00007ffb8db60000 - 0x00007ffb8db78000 	C:\Users\Bia e Leo\.jdks\corretto-17.0.12\bin\zip.dll
0x00007ffb81720000 - 0x00007ffb81739000 	C:\Users\Bia e Leo\.jdks\corretto-17.0.12\bin\net.dll
0x00007ffb8bd50000 - 0x00007ffb8be5a000 	C:\WINDOWS\SYSTEM32\WINHTTP.dll
0x00007ffb92170000 - 0x00007ffb921da000 	C:\WINDOWS\system32\mswsock.dll
0x00007ffb81700000 - 0x00007ffb81716000 	C:\Users\Bia e Leo\.jdks\corretto-17.0.12\bin\nio.dll
0x00007ffb81690000 - 0x00007ffb816aa000 	C:\Program Files\JetBrains\IntelliJ IDEA Community Edition 2024.1.4\bin\breakgen64.dll
0x00007ffb8fb20000 - 0x00007ffb8fb29000 	C:\Users\Bia e Leo\.jdks\corretto-17.0.12\bin\extnet.dll
0x00007ffb8fac0000 - 0x00007ffb8fad0000 	C:\Users\Bia e Leo\.jdks\corretto-17.0.12\bin\verify.dll
0x00007ffb81ee0000 - 0x00007ffb81ee9000 	C:\Users\Bia e Leo\.jdks\corretto-17.0.12\bin\management.dll
0x00007ffb81630000 - 0x00007ffb8163b000 	C:\Users\Bia e Leo\.jdks\corretto-17.0.12\bin\management_ext.dll
0x00007ffb94ec0000 - 0x00007ffb94ec8000 	C:\WINDOWS\System32\PSAPI.DLL
0x00007ffb73700000 - 0x00007ffb73717000 	C:\WINDOWS\system32\napinsp.dll
0x00007ffb81e30000 - 0x00007ffb81e4b000 	C:\WINDOWS\system32\pnrpnsp.dll
0x00007ffb75c50000 - 0x00007ffb75c65000 	C:\WINDOWS\system32\wshbth.dll
0x00007ffb8f950000 - 0x00007ffb8f96d000 	C:\WINDOWS\system32\NLAapi.dll
0x00007ffb91e70000 - 0x00007ffb91eab000 	C:\WINDOWS\SYSTEM32\IPHLPAPI.DLL
0x00007ffb91eb0000 - 0x00007ffb91f7a000 	C:\WINDOWS\SYSTEM32\DNSAPI.dll
0x00007ffb94030000 - 0x00007ffb94038000 	C:\WINDOWS\System32\NSI.dll
0x00007ffb741a0000 - 0x00007ffb741b2000 	C:\WINDOWS\System32\winrnr.dll
0x00007ffb834a0000 - 0x00007ffb834aa000 	C:\Windows\System32\rasadhlp.dll
0x00007ffb84110000 - 0x00007ffb84190000 	C:\WINDOWS\System32\fwpuclnt.dll
0x00007ffb923d0000 - 0x00007ffb923e8000 	C:\WINDOWS\SYSTEM32\CRYPTSP.dll
0x00007ffb91ab0000 - 0x00007ffb91ae4000 	C:\WINDOWS\system32\rsaenh.dll
0x00007ffb929c0000 - 0x00007ffb929ee000 	C:\WINDOWS\SYSTEM32\USERENV.dll
0x00007ffb92300000 - 0x00007ffb9230c000 	C:\WINDOWS\SYSTEM32\CRYPTBASE.dll
0x00007ffb8d3e0000 - 0x00007ffb8d3f7000 	C:\WINDOWS\SYSTEM32\dhcpcsvc6.DLL
0x00007ffb8d3c0000 - 0x00007ffb8d3dd000 	C:\WINDOWS\SYSTEM32\dhcpcsvc.DLL

dbghelp: loaded successfully - version: 4.0.5 - missing functions: none
symbol engine: initialized successfully - sym options: 0x614 - pdb path: .;C:\Users\Bia e Leo\.jdks\corretto-17.0.12\bin;C:\WINDOWS\SYSTEM32;C:\Program Files\AVAST Software\Avast;C:\WINDOWS\WinSxS\amd64_microsoft.windows.common-controls_6595b64144ccf1df_6.0.19041.4355_none_60b8b9eb71f62e16;C:\Users\Bia e Leo\.jdks\corretto-17.0.12\bin\server;C:\Program Files\JetBrains\IntelliJ IDEA Community Edition 2024.1.4\bin

VM Arguments:
jvm_args: -javaagent:C:\Program Files\JetBrains\IntelliJ IDEA Community Edition 2024.1.4\lib\idea_rt.jar=53618:C:\Program Files\JetBrains\IntelliJ IDEA Community Edition 2024.1.4\bin -Dfile.encoding=UTF-8 
java_command: one.digitalinnovation.gof.Application
java_class_path (initial): C:\Users\Bia e Leo\Desktop\Dois\lab-padroes-projeto-spring-main\target\classes;C:\Users\Bia e Leo\.m2\repository\org\springframework\boot\spring-boot-starter-web\2.5.4\spring-boot-starter-web-2.5.4.jar;C:\Users\Bia e Leo\.m2\repository\org\springframework\boot\spring-boot-starter\2.5.4\spring-boot-starter-2.5.4.jar;C:\Users\Bia e Leo\.m2\repository\org\springframework\boot\spring-boot\2.5.4\spring-boot-2.5.4.jar;C:\Users\Bia e Leo\.m2\repository\org\springframework\boot\spring-boot-autoconfigure\2.5.4\spring-boot-autoconfigure-2.5.4.jar;C:\Users\Bia e Leo\.m2\repository\org\springframework\boot\spring-boot-starter-logging\2.5.4\spring-boot-starter-logging-2.5.4.jar;C:\Users\Bia e Leo\.m2\repository\ch\qos\logback\logback-classic\1.2.5\logback-classic-1.2.5.jar;C:\Users\Bia e Leo\.m2\repository\ch\qos\logback\logback-core\1.2.5\logback-core-1.2.5.jar;C:\Users\Bia e Leo\.m2\repository\org\apache\logging\log4j\log4j-to-slf4j\2.14.1\log4j-to-slf4j-2.14.1.jar;C:\Users\Bia e Leo\.m2\repository\org\apache\logging\log4j\log4j-api\2.14.1\log4j-api-2.14.1.jar;C:\Users\Bia e Leo\.m2\repository\org\slf4j\jul-to-slf4j\1.7.32\jul-to-slf4j-1.7.32.jar;C:\Users\Bia e Leo\.m2\repository\jakarta\annotation\jakarta.annotation-api\1.3.5\jakarta.annotation-api-1.3.5.jar;C:\Users\Bia e Leo\.m2\repository\org\yaml\snakeyaml\1.28\snakeyaml-1.28.jar;C:\Users\Bia e Leo\.m2\repository\org\springframework\boot\spring-boot-starter-json\2.5.4\spring-boot-starter-json-2.5.4.jar;C:\Users\Bia e Leo\.m2\repository\com\fasterxml\jackson\datatype\jackson-datatype-jdk8\2.12.4\jackson-datatype-jdk8-2.12.4.jar;C:\Users\Bia e Leo\.m2\repository\com\fasterxml\jackson\datatype\jackson-datatype-jsr310\2.12.4\jackson-datatype-jsr310-2.12.4.jar;C:\Users\Bia e Leo\.m2\repository\com\fasterxml\jackson\module\jackson-module-parameter-names\2.12.4\jackson-module-parameter-names-2.12.4.jar;C:\Users\Bia e Leo\.m2\repository\org\springframework\boot\spring-boot-starter-tomcat\2.5.4\spring-
Launcher Type: SUN_STANDARD

[Global flags]
     intx CICompilerCount                          = 3                                         {product} {ergonomic}
     uint ConcGCThreads                            = 1                                         {product} {ergonomic}
     uint G1ConcRefinementThreads                  = 4                                         {product} {ergonomic}
   size_t G1HeapRegionSize                         = 1048576                                   {product} {ergonomic}
    uintx GCDrainStackTargetSize                   = 64                                        {product} {ergonomic}
   size_t InitialHeapSize                          = 132120576                                 {product} {ergonomic}
   size_t MarkStackSize                            = 4194304                                   {product} {ergonomic}
   size_t MaxHeapSize                              = 2107637760                                {product} {ergonomic}
   size_t MaxNewSize                               = 1264582656                                {product} {ergonomic}
   size_t MinHeapDeltaBytes                        = 1048576                                   {product} {ergonomic}
   size_t MinHeapSize                              = 8388608                                   {product} {ergonomic}
    uintx NonNMethodCodeHeapSize                   = 5832780                                {pd product} {ergonomic}
    uintx NonProfiledCodeHeapSize                  = 122912730                              {pd product} {ergonomic}
    uintx ProfiledCodeHeapSize                     = 122912730                              {pd product} {ergonomic}
    uintx ReservedCodeCacheSize                    = 251658240                              {pd product} {ergonomic}
     bool SegmentedCodeCache                       = true                                      {product} {ergonomic}
   size_t SoftMaxHeapSize                          = 2107637760                             {manageable} {ergonomic}
     bool UseCompressedClassPointers               = true                           {product lp64_product} {ergonomic}
     bool UseCompressedOops                        = true                           {product lp64_product} {ergonomic}
     bool UseG1GC                                  = true                                      {product} {ergonomic}
     bool UseLargePagesIndividualAllocation        = false                                  {pd product} {ergonomic}

Logging:
Log output configuration:
 #0: stdout all=warning uptime,level,tags
 #1: stderr all=off uptime,level,tags

Environment Variables:
JAVA_HOME=C:\Program Files\OpenJDK\openjdk-11.0.12_7
PATH=C:\Program Files (x86)\Common Files\Oracle\Java\javapath;C:\Program Files (x86)\Common Files\Intel\Shared Libraries\redist\intel64\compiler;C:\WINDOWS\system32;C:\WINDOWS;C:\WINDOWS\System32\Wbem;C:\WINDOWS\System32\WindowsPowerShell\v1.0\;C:\WINDOWS\System32\OpenSSH\;C:\Program Files\Microsoft SQL Server\130\Tools\Binn\;C:\Program Files\Microsoft SQL Server\Client SDK\ODBC\170\Tools\Binn\;C:\Program Files\dotnet\;C:\Program Files\Common Files\Autodesk Shared\;C:\Program Files\Git\cmd;C:\Program Files (x86)\Microsoft SQL Server\150\DTS\Binn\;C:\Program Files (x86)\Microsoft SQL Server\150\Tools\Binn\;C:\Program Files\Microsoft SQL Server\150\Tools\Binn\;C:\Program Files\Microsoft SQL Server\150\DTS\Binn\;C:\ProgramData\chocolatey\bin;C:\Program Files\OpenJDK\openjdk-11.0.12_7\bin;C:\ProgramData\ComposerSetup\bin;C:\wamp64\bin\php\php8.2.0;C:\Windows\System32;C:\Program Files\Docker\Docker\resources\bin;C:\Users\Bia e Leo\AppData\Roaming\nvm;C:\Program Files\nodejs;C:\Program Files\MongoDB\Server\5.0\bin;C:\Program Files\MySQL\MySQL Server 8.0\bin;C:\Users\Bia e Leo\AppData\Roaming\Composer\vendor\bin;C:\Users\Bia e Leo\AppData\Local\Microsoft\WindowsApps;C:\Users\Bia e Leo\AppData\Local\Programs\Microsoft VS Code\bin;C:\Users\Bia e Leo\.dotnet\tools;C:\Users\Bia e Leo\AppData\Local\Microsoft\WinGet\Links;C:\Users\Bia e Leo\AppData\Roaming\npm;C:\Users\Bia e Leo\AppData\Roaming\nvm;C:\Program Files\nodejs;C:\Program Files\JetBrains\IntelliJ IDEA Community Edition 2024.1.4\bin;
USERNAME=Bia_e_Leo
OS=Windows_NT
PROCESSOR_IDENTIFIER=Intel64 Family 6 Model 158 Stepping 10, GenuineIntel
TMP=C:\Users\BIAELE~1\AppData\Local\Temp
TEMP=C:\Users\BIAELE~1\AppData\Local\Temp



Periodic native trim disabled


---------------  S Y S T E M  ---------------

OS:
 Windows 10 , 64 bit Build 19041 (10.0.19041.4597)
OS uptime: 0 days 2:16 hours
Hyper-V role detected

CPU: total 4 (initial active 4) (2 cores per cpu, 2 threads per core) family 6 model 158 stepping 10 microcode 0xb4, cx8, cmov, fxsr, ht, mmx, 3dnowpref, sse, sse2, sse3, ssse3, sse4.1, sse4.2, popcnt, lzcnt, tsc, tscinvbit, aes, erms, clmul, clflush, clflushopt, hv
Processor Information for all 4 processors :
  Max Mhz: 3696, Current Mhz: 3696, Mhz Limit: 3696

Memory: 4k page, system-wide physical 8038M (354M free)
TotalPageFile size 8038M (AvailPageFile size 3M)
current process WorkingSet (physical memory assigned to process): 273M, peak: 273M
current process commit charge ("private bytes"): 466M, peak: 467M

vm_info: OpenJDK 64-Bit Server VM (17.0.12+7-LTS) for windows-amd64 JRE (17.0.12+7-LTS), built on Jul 10 2024 20:46:33 by "Administrator" with MS VC++ 16.10 / 16.11 (VS2019)

END.
